#
# There is insufficient memory for the Java Runtime Environment to continue.
# Native memory allocation (mmap) failed to map 157286400 bytes for G1 virtual space
# Possible reasons:
#   The system is out of physical RAM or swap space
#   The process is running with CompressedOops enabled, and the Java Heap may be blocking the growth of the native heap
# Possible solutions:
#   Reduce memory load on the system
#   Increase physical memory or swap space
#   Check if swap backing store is full
#   Decrease Java heap size (-Xmx/-Xms)
#   Decrease number of Java threads
#   Decrease Java thread stack sizes (-Xss)
#   Set larger code cache with -XX:ReservedCodeCacheSize=
#   JVM is running with Unscaled Compressed Oops mode in which the Java heap is
#     placed in the first 4GB address space. The Java Heap base address is the
#     maximum limit for the native heap growth. Please use -XX:HeapBaseMinAddress
#     to set the Java Heap base and to place the Java Heap above 4GB virtual address.
# This output file may be truncated or incomplete.
#
#  Out of Memory Error (os_windows.cpp:3550), pid=8088, tid=11252
#
# JRE version: Java(TM) SE Runtime Environment (17.0.8+9) (build 17.0.8+9-LTS-211)
# Java VM: Java HotSpot(TM) 64-Bit Server VM (17.0.8+9-LTS-211, mixed mode, sharing, tiered, compressed oops, compressed class ptrs, g1 gc, windows-amd64)
# No core dump will be written. Minidumps are not enabled by default on client versions of Windows
#

---------------  S U M M A R Y ------------

Command Line: -XX:MaxMetaspaceSize=512m --add-opens=java.base/java.util=ALL-UNNAMED --add-opens=java.base/java.lang=ALL-UNNAMED --add-opens=java.base/java.lang.invoke=ALL-UNNAMED --add-opens=java.prefs/java.util.prefs=ALL-UNNAMED --add-opens=java.base/java.nio.charset=ALL-UNNAMED --add-opens=java.base/java.net=ALL-UNNAMED --add-opens=java.base/java.util.concurrent.atomic=ALL-UNNAMED -Xmx2048m -Dfile.encoding=windows-1252 -Duser.country=IN -Duser.language=en -Duser.variant org.gradle.launcher.daemon.bootstrap.GradleDaemon 8.0.1

Host: 11th Gen Intel(R) Core(TM) i3-1115G4 @ 3.00GHz, 4 cores, 7G,  Windows 11 , 64 bit Build 22621 (10.0.22621.2428)
Time: Sat Oct 21 16:01:59 2023 India Standard Time elapsed time: 26.588167 seconds (0d 0h 0m 26s)

---------------  T H R E A D  ---------------

Current thread (0x00000246b5e77120):  VMThread "VM Thread" [stack: 0x000000931b700000,0x000000931b800000] [id=11252]

Stack: [0x000000931b700000,0x000000931b800000]
Native frames: (J=compiled Java code, j=interpreted, Vv=VM code, C=native code)
V  [jvm.dll+0x677d0a]
V  [jvm.dll+0x7d8c54]
V  [jvm.dll+0x7da3fe]
V  [jvm.dll+0x7daa63]
V  [jvm.dll+0x245c5f]
V  [jvm.dll+0x674bb9]
V  [jvm.dll+0x6694f2]
V  [jvm.dll+0x3031d6]
V  [jvm.dll+0x30a756]
V  [jvm.dll+0x359f9e]
V  [jvm.dll+0x35a1cf]
V  [jvm.dll+0x2da3e8]
V  [jvm.dll+0x2d87f5]
V  [jvm.dll+0x2d7dfc]
V  [jvm.dll+0x31b4cb]
V  [jvm.dll+0x7df26b]
V  [jvm.dll+0x7dffa4]
V  [jvm.dll+0x7e04bd]
V  [jvm.dll+0x7e0894]
V  [jvm.dll+0x7e0960]
V  [jvm.dll+0x788bba]
V  [jvm.dll+0x676b35]
C  [ucrtbase.dll+0x29363]
C  [KERNEL32.DLL+0x1257d]
C  [ntdll.dll+0x5aa78]

VM_Operation (0x000000931cef3d00): G1CollectForAllocation, mode: safepoint, requested by thread 0x00000246d6c42c90


---------------  P R O C E S S  ---------------

Threads class SMR info:
_java_thread_list=0x00000246d67ddbe0, length=89, elements={
0x00000246985499c0, 0x00000246b5e7abc0, 0x00000246b5e7b770, 0x00000246b5e912d0,
0x00000246b5e91c80, 0x00000246b5e94640, 0x00000246b5e94ff0, 0x00000246b5e95d80,
0x00000246b5ef6b60, 0x00000246b5f0aa70, 0x00000246d5162440, 0x00000246d516bd20,
0x00000246d65e8320, 0x00000246d65d6a00, 0x00000246d7461200, 0x00000246d691d470,
0x00000246d6e555e0, 0x00000246d6c427c0, 0x00000246d6c42c90, 0x00000246d70719e0,
0x00000246d61553b0, 0x00000246d6154540, 0x00000246d6154a10, 0x00000246d6153ba0,
0x00000246d6154070, 0x00000246d6154ee0, 0x00000246d8308a00, 0x00000246d8305510,
0x00000246d83093a0, 0x00000246d83071f0, 0x00000246d830bef0, 0x00000246d83059e0,
0x00000246d8308ed0, 0x00000246d8305040, 0x00000246d8309870, 0x00000246d830b550,
0x00000246d8307b90, 0x00000246d8306d20, 0x00000246d8308060, 0x00000246d8306380,
0x00000246d830a210, 0x00000246d8306850, 0x00000246d830a6e0, 0x00000246d830ba20,
0x00000246d830c3c0, 0x00000246d8304b70, 0x00000246d8416d90, 0x00000246d8417260,
0x00000246d8415580, 0x00000246d8417730, 0x00000246d8415f20, 0x00000246d84150b0,
0x00000246d8414be0, 0x00000246d8418a70, 0x00000246d84163f0, 0x00000246d8418f40,
0x00000246d8412a30, 0x00000246d8414710, 0x00000246d8419410, 0x00000246d84168c0,
0x00000246d84185a0, 0x00000246d8415a50, 0x00000246d8412560, 0x00000246d84133d0,
0x00000246d8412f00, 0x00000246d84198e0, 0x00000246d8412090, 0x00000246d84138a0,
0x00000246d6d4a580, 0x00000246d6d44a10, 0x00000246d6d45880, 0x00000246d6d4b8c0,
0x00000246d6d4aa50, 0x00000246d6d47560, 0x00000246d6d47a30, 0x00000246d6d45d50,
0x00000246d6d46220, 0x00000246d6d466f0, 0x00000246d6d453b0, 0x00000246d6d49be0,
0x00000246d6d47f00, 0x00000246d6d48d70, 0x00000246d6d49240, 0x00000246d6d46bc0,
0x00000246d6d49710, 0x00000246d6d483d0, 0x00000246d6d488a0, 0x00000246d6d4a0b0,
0x00000246d7ee2060
}

Java Threads: ( => current thread )
  0x00000246985499c0 JavaThread "main" [_thread_blocked, id=11268, stack(0x000000931b100000,0x000000931b200000)]
  0x00000246b5e7abc0 JavaThread "Reference Handler" daemon [_thread_blocked, id=12312, stack(0x000000931b800000,0x000000931b900000)]
  0x00000246b5e7b770 JavaThread "Finalizer" daemon [_thread_blocked, id=2988, stack(0x000000931b900000,0x000000931ba00000)]
  0x00000246b5e912d0 JavaThread "Signal Dispatcher" daemon [_thread_blocked, id=14460, stack(0x000000931ba00000,0x000000931bb00000)]
  0x00000246b5e91c80 JavaThread "Attach Listener" daemon [_thread_blocked, id=17608, stack(0x000000931bb00000,0x000000931bc00000)]
  0x00000246b5e94640 JavaThread "Service Thread" daemon [_thread_blocked, id=2840, stack(0x000000931bc00000,0x000000931bd00000)]
  0x00000246b5e94ff0 JavaThread "Monitor Deflation Thread" daemon [_thread_blocked, id=4304, stack(0x000000931bd00000,0x000000931be00000)]
  0x00000246b5e95d80 JavaThread "C2 CompilerThread0" daemon [_thread_blocked, id=10420, stack(0x000000931be00000,0x000000931bf00000)]
  0x00000246b5ef6b60 JavaThread "C1 CompilerThread0" daemon [_thread_blocked, id=768, stack(0x000000931bf00000,0x000000931c000000)]
  0x00000246b5f0aa70 JavaThread "Sweeper thread" daemon [_thread_blocked, id=10960, stack(0x000000931c000000,0x000000931c100000)]
  0x00000246d5162440 JavaThread "Common-Cleaner" daemon [_thread_blocked, id=17308, stack(0x000000931c100000,0x000000931c200000)]
  0x00000246d516bd20 JavaThread "Notification Thread" daemon [_thread_blocked, id=14220, stack(0x000000931c200000,0x000000931c300000)]
  0x00000246d65e8320 JavaThread "Daemon health stats" [_thread_blocked, id=6892, stack(0x000000931c800000,0x000000931c900000)]
  0x00000246d65d6a00 JavaThread "Incoming local TCP Connector on port 59882" [_thread_in_native, id=15588, stack(0x000000931c900000,0x000000931ca00000)]
  0x00000246d7461200 JavaThread "Daemon periodic checks" [_thread_blocked, id=7464, stack(0x000000931ca00000,0x000000931cb00000)]
  0x00000246d691d470 JavaThread "Daemon" [_thread_blocked, id=15076, stack(0x000000931cb00000,0x000000931cc00000)]
  0x00000246d6e555e0 JavaThread "Handler for socket connection from /127.0.0.1:59882 to /127.0.0.1:59883" [_thread_in_native, id=14700, stack(0x000000931cc00000,0x000000931cd00000)]
  0x00000246d6c427c0 JavaThread "Cancel handler" [_thread_blocked, id=2884, stack(0x000000931cd00000,0x000000931ce00000)]
  0x00000246d6c42c90 JavaThread "Daemon worker" [_thread_blocked, id=13148, stack(0x000000931ce00000,0x000000931cf00000)]
  0x00000246d70719e0 JavaThread "Asynchronous log dispatcher for DefaultDaemonConnection: socket connection from /127.0.0.1:59882 to /127.0.0.1:59883" [_thread_blocked, id=13520, stack(0x000000931cf00000,0x000000931d000000)]
  0x00000246d61553b0 JavaThread "Stdin handler" [_thread_blocked, id=9204, stack(0x000000931d000000,0x000000931d100000)]
  0x00000246d6154540 JavaThread "Daemon client event forwarder" [_thread_blocked, id=8820, stack(0x000000931d100000,0x000000931d200000)]
  0x00000246d6154a10 JavaThread "Cache worker for journal cache (C:\Users\ronak\.gradle\caches\journal-1)" [_thread_blocked, id=2232, stack(0x000000931d200000,0x000000931d300000)]
  0x00000246d6153ba0 JavaThread "File lock request listener" [_thread_in_native, id=10060, stack(0x000000931d300000,0x000000931d400000)]
  0x00000246d6154070 JavaThread "Cache worker for file hash cache (C:\Users\ronak\.gradle\caches\8.0.1\fileHashes)" [_thread_blocked, id=8796, stack(0x000000931c400000,0x000000931c500000)]
  0x00000246d6154ee0 JavaThread "File watcher server" daemon [_thread_in_native, id=10776, stack(0x000000931d400000,0x000000931d500000)]
  0x00000246d8308a00 JavaThread "File watcher consumer" daemon [_thread_blocked, id=10932, stack(0x000000931d500000,0x000000931d600000)]
  0x00000246d8305510 JavaThread "Cache worker for checksums cache (D:\hacks\super-nfc\thirdweb\super-nfc\android\.gradle\8.0.1\checksums)" [_thread_blocked, id=14556, stack(0x000000931d700000,0x000000931d800000)]
  0x00000246d83093a0 JavaThread "Cache worker for cache directory md-rule (C:\Users\ronak\.gradle\caches\8.0.1\md-rule)" [_thread_blocked, id=10244, stack(0x000000931d800000,0x000000931d900000)]
  0x00000246d83071f0 JavaThread "Cache worker for file content cache (C:\Users\ronak\.gradle\caches\8.0.1\fileContent)" [_thread_blocked, id=3020, stack(0x000000931d900000,0x000000931da00000)]
  0x00000246d830bef0 JavaThread "Cache worker for file hash cache (D:\hacks\super-nfc\thirdweb\super-nfc\android\.gradle\8.0.1\fileHashes)" [_thread_blocked, id=12632, stack(0x000000931da00000,0x000000931db00000)]
  0x00000246d83059e0 JavaThread "Cache worker for cache directory md-supplier (C:\Users\ronak\.gradle\caches\8.0.1\md-supplier)" [_thread_blocked, id=5668, stack(0x000000931dc00000,0x000000931dd00000)]
  0x00000246d8308ed0 JavaThread "Cache worker for execution history cache (C:\Users\ronak\.gradle\caches\8.0.1\executionHistory)" [_thread_blocked, id=10336, stack(0x000000931dd00000,0x000000931de00000)]
  0x00000246d8305040 JavaThread "jar transforms" [_thread_blocked, id=16868, stack(0x000000931de00000,0x000000931df00000)]
  0x00000246d8309870 JavaThread "jar transforms Thread 2" [_thread_blocked, id=10508, stack(0x000000931df00000,0x000000931e000000)]
  0x00000246d830b550 JavaThread "jar transforms Thread 3" [_thread_blocked, id=16548, stack(0x000000931e000000,0x000000931e100000)]
  0x00000246d8307b90 JavaThread "jar transforms Thread 4" [_thread_blocked, id=11808, stack(0x000000931e100000,0x000000931e200000)]
  0x00000246d8306d20 JavaThread "File lock release action executor" [_thread_blocked, id=8960, stack(0x000000931d600000,0x000000931d700000)]
  0x00000246d8308060 JavaThread "Cache worker for kotlin-dsl (C:\Users\ronak\.gradle\caches\8.0.1\kotlin-dsl)" [_thread_blocked, id=15256, stack(0x000000931e300000,0x000000931e400000)]
  0x00000246d8306380 JavaThread "Cache worker for dependencies-accessors (D:\hacks\super-nfc\thirdweb\super-nfc\android\.gradle\8.0.1\dependencies-accessors)" [_thread_blocked, id=9808, stack(0x000000931e400000,0x000000931e500000)]
  0x00000246d830a210 JavaThread "Cache worker for Build Output Cleanup Cache (D:\hacks\super-nfc\thirdweb\super-nfc\node_modules\@react-native\gradle-plugin\.gradle\buildOutputCleanup)" [_thread_blocked, id=11136, stack(0x000000931e500000,0x000000931e600000)]
  0x00000246d8306850 JavaThread "Unconstrained build operations" [_thread_blocked, id=17928, stack(0x000000931e200000,0x000000931e300000)]
  0x00000246d830a6e0 JavaThread "Unconstrained build operations Thread 2" [_thread_blocked, id=2948, stack(0x000000931e600000,0x000000931e700000)]
  0x00000246d830ba20 JavaThread "Unconstrained build operations Thread 3" [_thread_blocked, id=11100, stack(0x000000931e700000,0x000000931e800000)]
  0x00000246d830c3c0 JavaThread "Unconstrained build operations Thread 4" [_thread_blocked, id=13956, stack(0x000000931e800000,0x000000931e900000)]
  0x00000246d8304b70 JavaThread "Unconstrained build operations Thread 5" [_thread_blocked, id=10872, stack(0x000000931e900000,0x000000931ea00000)]
  0x00000246d8416d90 JavaThread "Unconstrained build operations Thread 6" [_thread_blocked, id=2744, stack(0x000000931ea00000,0x000000931eb00000)]
  0x00000246d8417260 JavaThread "Unconstrained build operations Thread 7" [_thread_blocked, id=7396, stack(0x000000931eb00000,0x000000931ec00000)]
  0x00000246d8415580 JavaThread "Unconstrained build operations Thread 8" [_thread_blocked, id=11380, stack(0x000000931ec00000,0x000000931ed00000)]
  0x00000246d8417730 JavaThread "Unconstrained build operations Thread 9" [_thread_blocked, id=4300, stack(0x000000931ed00000,0x000000931ee00000)]
  0x00000246d8415f20 JavaThread "Unconstrained build operations Thread 10" [_thread_blocked, id=8756, stack(0x000000931ee00000,0x000000931ef00000)]
  0x00000246d84150b0 JavaThread "Unconstrained build operations Thread 11" [_thread_blocked, id=2104, stack(0x000000931ef00000,0x000000931f000000)]
  0x00000246d8414be0 JavaThread "Unconstrained build operations Thread 12" [_thread_blocked, id=2800, stack(0x000000931f000000,0x000000931f100000)]
  0x00000246d8418a70 JavaThread "Unconstrained build operations Thread 13" [_thread_blocked, id=14368, stack(0x000000931f100000,0x000000931f200000)]
  0x00000246d84163f0 JavaThread "Unconstrained build operations Thread 14" [_thread_blocked, id=6996, stack(0x000000931f200000,0x000000931f300000)]
  0x00000246d8418f40 JavaThread "Unconstrained build operations Thread 15" [_thread_blocked, id=6000, stack(0x000000931f300000,0x000000931f400000)]
  0x00000246d8412a30 JavaThread "Unconstrained build operations Thread 16" [_thread_blocked, id=11644, stack(0x000000931f400000,0x000000931f500000)]
  0x00000246d8414710 JavaThread "Unconstrained build operations Thread 17" [_thread_blocked, id=8412, stack(0x000000931f500000,0x000000931f600000)]
  0x00000246d8419410 JavaThread "Unconstrained build operations Thread 18" [_thread_blocked, id=2312, stack(0x000000931f600000,0x000000931f700000)]
  0x00000246d84168c0 JavaThread "Unconstrained build operations Thread 19" [_thread_blocked, id=9564, stack(0x000000931f700000,0x000000931f800000)]
  0x00000246d84185a0 JavaThread "Unconstrained build operations Thread 20" [_thread_blocked, id=16176, stack(0x000000931f800000,0x000000931f900000)]
  0x00000246d8415a50 JavaThread "Unconstrained build operations Thread 21" [_thread_blocked, id=10112, stack(0x000000931f900000,0x000000931fa00000)]
  0x00000246d8412560 JavaThread "Unconstrained build operations Thread 22" [_thread_blocked, id=10520, stack(0x000000931fa00000,0x000000931fb00000)]
  0x00000246d84133d0 JavaThread "Unconstrained build operations Thread 23" [_thread_blocked, id=14396, stack(0x000000931fb00000,0x000000931fc00000)]
  0x00000246d8412f00 JavaThread "Unconstrained build operations Thread 24" [_thread_blocked, id=15564, stack(0x000000931fc00000,0x000000931fd00000)]
  0x00000246d84198e0 JavaThread "Unconstrained build operations Thread 25" [_thread_blocked, id=6416, stack(0x000000931fd00000,0x000000931fe00000)]
  0x00000246d8412090 JavaThread "Unconstrained build operations Thread 26" [_thread_blocked, id=13024, stack(0x000000931fe00000,0x000000931ff00000)]
  0x00000246d84138a0 JavaThread "Memory manager" [_thread_blocked, id=18332, stack(0x0000009320000000,0x0000009320100000)]
  0x00000246d6d4a580 JavaThread "Cache worker for Build Output Cleanup Cache (D:\hacks\super-nfc\thirdweb\super-nfc\android\.gradle\buildOutputCleanup)" [_thread_blocked, id=6612, stack(0x000000931ff00000,0x0000009320000000)]
  0x00000246d6d44a10 JavaThread "included builds" [_thread_blocked, id=10292, stack(0x0000009320200000,0x0000009320300000)]
  0x00000246d6d45880 JavaThread "Execution worker" [_thread_blocked, id=8852, stack(0x0000009320300000,0x0000009320400000)]
  0x00000246d6d4b8c0 JavaThread "Execution worker Thread 2" [_thread_blocked, id=14600, stack(0x0000009320400000,0x0000009320500000)]
  0x00000246d6d4aa50 JavaThread "Execution worker Thread 3" [_thread_blocked, id=15384, stack(0x0000009320500000,0x0000009320600000)]
  0x00000246d6d47560 JavaThread "Cache worker for execution history cache (D:\hacks\super-nfc\thirdweb\super-nfc\node_modules\@react-native\gradle-plugin\.gradle\8.0.1\executionHistory)" [_thread_blocked, id=17568, stack(0x0000009320600000,0x0000009320700000)]
  0x00000246d6d47a30 JavaThread "Unconstrained build operations Thread 27" [_thread_blocked, id=6680, stack(0x0000009320700000,0x0000009320800000)]
  0x00000246d6d45d50 JavaThread "Unconstrained build operations Thread 28" [_thread_blocked, id=6076, stack(0x0000009320800000,0x0000009320900000)]
  0x00000246d6d46220 JavaThread "Unconstrained build operations Thread 29" [_thread_blocked, id=3904, stack(0x0000009320900000,0x0000009320a00000)]
  0x00000246d6d466f0 JavaThread "Unconstrained build operations Thread 30" [_thread_blocked, id=7348, stack(0x0000009320a00000,0x0000009320b00000)]
  0x00000246d6d453b0 JavaThread "Unconstrained build operations Thread 31" [_thread_blocked, id=6384, stack(0x0000009320100000,0x0000009320200000)]
  0x00000246d6d49be0 JavaThread "Unconstrained build operations Thread 32" [_thread_blocked, id=15732, stack(0x0000009320b00000,0x0000009320c00000)]
  0x00000246d6d47f00 JavaThread "Unconstrained build operations Thread 33" [_thread_blocked, id=15104, stack(0x0000009320c00000,0x0000009320d00000)]
  0x00000246d6d48d70 JavaThread "Unconstrained build operations Thread 34" [_thread_blocked, id=12628, stack(0x0000009320d00000,0x0000009320e00000)]
  0x00000246d6d49240 JavaThread "Unconstrained build operations Thread 35" [_thread_blocked, id=7828, stack(0x0000009320e00000,0x0000009320f00000)]
  0x00000246d6d46bc0 JavaThread "Unconstrained build operations Thread 36" [_thread_blocked, id=16460, stack(0x0000009320f00000,0x0000009321000000)]
  0x00000246d6d49710 JavaThread "Unconstrained build operations Thread 37" [_thread_blocked, id=16900, stack(0x0000009321000000,0x0000009321100000)]
  0x00000246d6d483d0 JavaThread "Unconstrained build operations Thread 38" [_thread_blocked, id=3076, stack(0x0000009321100000,0x0000009321200000)]
  0x00000246d6d488a0 JavaThread "Unconstrained build operations Thread 39" [_thread_blocked, id=3160, stack(0x0000009321200000,0x0000009321300000)]
  0x00000246d6d4a0b0 JavaThread "Unconstrained build operations Thread 40" [_thread_blocked, id=13568, stack(0x0000009321300000,0x0000009321400000)]
  0x00000246d7ee2060 JavaThread "C2 CompilerThread1" daemon [_thread_blocked, id=2208, stack(0x0000009321400000,0x0000009321500000)]

Other Threads:
=>0x00000246b5e77120 VMThread "VM Thread" [stack: 0x000000931b700000,0x000000931b800000] [id=11252]
  0x00000246d5194be0 WatcherThread [stack: 0x000000931c300000,0x000000931c400000] [id=944]
  0x00000246985a2690 GCTaskThread "GC Thread#0" [stack: 0x000000931b200000,0x000000931b300000] [id=12052]
  0x00000246d5788110 GCTaskThread "GC Thread#1" [stack: 0x000000931c500000,0x000000931c600000] [id=196]
  0x00000246d5798bf0 GCTaskThread "GC Thread#2" [stack: 0x000000931c600000,0x000000931c700000] [id=10852]
  0x00000246d5de8170 GCTaskThread "GC Thread#3" [stack: 0x000000931c700000,0x000000931c800000] [id=15060]
  0x00000246985b35d0 ConcurrentGCThread "G1 Main Marker" [stack: 0x000000931b300000,0x000000931b400000] [id=6716]
  0x00000246985b3fe0 ConcurrentGCThread "G1 Conc#0" [stack: 0x000000931b400000,0x000000931b500000] [id=6084]
  0x000002469860e8d0 ConcurrentGCThread "G1 Refine#0" [stack: 0x000000931b500000,0x000000931b600000] [id=12176]
  0x00000246d7654580 ConcurrentGCThread "G1 Refine#1" [stack: 0x000000931db00000,0x000000931dc00000] [id=14152]
  0x00000246b5d303f0 ConcurrentGCThread "G1 Service" [stack: 0x000000931b600000,0x000000931b700000] [id=14384]

Threads with active compile tasks:
C2 CompilerThread0    26622 9601       4       java.lang.Class::getMethodsRecursive (99 bytes)
C2 CompilerThread1    26622 9615       4       java.lang.reflect.Method::getGenericParameterTypes (5 bytes)

VM state: at safepoint (normal execution)

VM Mutex/Monitor currently owned by a thread:  ([mutex/lock_event])
[0x0000024698544360] Threads_lock - owner thread: 0x00000246b5e77120
[0x0000024698544990] Heap_lock - owner thread: 0x00000246d6c42c90

Heap address: 0x0000000080000000, size: 2048 MB, Compressed Oops mode: 32-bit

CDS archive(s) mapped at: [0x00000246b6000000-0x00000246b6bd0000-0x00000246b6bd0000), size 12386304, SharedBaseAddress: 0x00000246b6000000, ArchiveRelocationMode: 1.
Compressed class space mapped at: 0x00000246b7000000-0x00000246d1000000, reserved size: 436207616
Narrow klass base: 0x00000246b6000000, Narrow klass shift: 0, Narrow klass range: 0x100000000

GC Precious Log:
 CPUs: 4 total, 4 available
 Memory: 7834M
 Large Page Support: Disabled
 NUMA Support: Disabled
 Compressed Oops: Enabled (32-bit)
 Heap Region Size: 1M
 Heap Min Capacity: 8M
 Heap Initial Capacity: 124M
 Heap Max Capacity: 2G
 Pre-touch: Disabled
 Parallel Workers: 4
 Concurrent Workers: 1
 Concurrent Refinement Workers: 4
 Periodic GC: Disabled

Heap:
 garbage-first heap   total 153600K, used 77513K [0x0000000080000000, 0x0000000100000000)
  region size 1024K, 4 young (4096K), 4 survivors (4096K)
 Metaspace       used 73577K, committed 74304K, reserved 491520K
  class space    used 10087K, committed 10432K, reserved 425984K

Heap Regions: E=young(eden), S=young(survivor), O=old, HS=humongous(starts), HC=humongous(continues), CS=collection set, F=free, OA=open archive, CA=closed archive, TAMS=top-at-mark-start (previous, next)
|   0|0x0000000080000000, 0x0000000080100000, 0x0000000080100000|100%| O|  |TAMS 0x0000000080100000, 0x0000000080100000| Untracked 
|   1|0x0000000080100000, 0x0000000080200000, 0x0000000080200000|100%| O|  |TAMS 0x0000000080200000, 0x0000000080200000| Untracked 
|   2|0x0000000080200000, 0x0000000080300000, 0x0000000080300000|100%|HS|  |TAMS 0x0000000080300000, 0x0000000080300000| Complete 
|   3|0x0000000080300000, 0x0000000080400000, 0x0000000080400000|100%|HC|  |TAMS 0x0000000080400000, 0x0000000080400000| Complete 
|   4|0x0000000080400000, 0x0000000080500000, 0x0000000080500000|100%|HC|  |TAMS 0x0000000080500000, 0x0000000080500000| Complete 
|   5|0x0000000080500000, 0x0000000080600000, 0x0000000080600000|100%|HC|  |TAMS 0x0000000080600000, 0x0000000080600000| Complete 
|   6|0x0000000080600000, 0x0000000080700000, 0x0000000080700000|100%| O|  |TAMS 0x0000000080700000, 0x0000000080700000| Untracked 
|   7|0x0000000080700000, 0x0000000080800000, 0x0000000080800000|100%| O|  |TAMS 0x0000000080800000, 0x0000000080800000| Untracked 
|   8|0x0000000080800000, 0x0000000080900000, 0x0000000080900000|100%| O|  |TAMS 0x0000000080900000, 0x0000000080900000| Untracked 
|   9|0x0000000080900000, 0x0000000080a00000, 0x0000000080a00000|100%| O|  |TAMS 0x0000000080a00000, 0x0000000080a00000| Untracked 
|  10|0x0000000080a00000, 0x0000000080b00000, 0x0000000080b00000|100%| O|  |TAMS 0x0000000080b00000, 0x0000000080b00000| Untracked 
|  11|0x0000000080b00000, 0x0000000080c00000, 0x0000000080c00000|100%| O|  |TAMS 0x0000000080c00000, 0x0000000080c00000| Untracked 
|  12|0x0000000080c00000, 0x0000000080d00000, 0x0000000080d00000|100%| O|  |TAMS 0x0000000080d00000, 0x0000000080d00000| Untracked 
|  13|0x0000000080d00000, 0x0000000080e00000, 0x0000000080e00000|100%| O|  |TAMS 0x0000000080e00000, 0x0000000080e00000| Untracked 
|  14|0x0000000080e00000, 0x0000000080f00000, 0x0000000080f00000|100%| O|  |TAMS 0x0000000080f00000, 0x0000000080f00000| Untracked 
|  15|0x0000000080f00000, 0x0000000081000000, 0x0000000081000000|100%| O|  |TAMS 0x0000000081000000, 0x0000000081000000| Untracked 
|  16|0x0000000081000000, 0x0000000081100000, 0x0000000081100000|100%| O|  |TAMS 0x0000000081100000, 0x0000000081100000| Untracked 
|  17|0x0000000081100000, 0x0000000081200000, 0x0000000081200000|100%| O|  |TAMS 0x0000000081200000, 0x0000000081200000| Untracked 
|  18|0x0000000081200000, 0x0000000081300000, 0x0000000081300000|100%| O|  |TAMS 0x0000000081300000, 0x0000000081300000| Untracked 
|  19|0x0000000081300000, 0x0000000081400000, 0x0000000081400000|100%| O|  |TAMS 0x0000000081400000, 0x0000000081400000| Untracked 
|  20|0x0000000081400000, 0x0000000081500000, 0x0000000081500000|100%|HS|  |TAMS 0x0000000081500000, 0x0000000081500000| Complete 
|  21|0x0000000081500000, 0x0000000081600000, 0x0000000081600000|100%| O|  |TAMS 0x0000000081600000, 0x0000000081600000| Untracked 
|  22|0x0000000081600000, 0x0000000081700000, 0x0000000081700000|100%| O|  |TAMS 0x0000000081700000, 0x0000000081700000| Untracked 
|  23|0x0000000081700000, 0x0000000081800000, 0x0000000081800000|100%| O|  |TAMS 0x0000000081700000, 0x0000000081800000| Untracked 
|  24|0x0000000081800000, 0x0000000081900000, 0x0000000081900000|100%| O|  |TAMS 0x0000000081900000, 0x0000000081900000| Untracked 
|  25|0x0000000081900000, 0x0000000081a00000, 0x0000000081a00000|100%| O|  |TAMS 0x0000000081a00000, 0x0000000081a00000| Untracked 
|  26|0x0000000081a00000, 0x0000000081b00000, 0x0000000081b00000|100%| O|  |TAMS 0x0000000081b00000, 0x0000000081b00000| Untracked 
|  27|0x0000000081b00000, 0x0000000081c00000, 0x0000000081c00000|100%| O|  |TAMS 0x0000000081c00000, 0x0000000081c00000| Untracked 
|  28|0x0000000081c00000, 0x0000000081d00000, 0x0000000081d00000|100%| O|  |TAMS 0x0000000081d00000, 0x0000000081d00000| Untracked 
|  29|0x0000000081d00000, 0x0000000081e00000, 0x0000000081e00000|100%| O|  |TAMS 0x0000000081e00000, 0x0000000081e00000| Untracked 
|  30|0x0000000081e00000, 0x0000000081f00000, 0x0000000081f00000|100%| O|  |TAMS 0x0000000081e00000, 0x0000000081f00000| Untracked 
|  31|0x0000000081f00000, 0x0000000082000000, 0x0000000082000000|100%| O|  |TAMS 0x0000000082000000, 0x0000000082000000| Untracked 
|  32|0x0000000082000000, 0x0000000082100000, 0x0000000082100000|100%| O|  |TAMS 0x0000000082100000, 0x0000000082100000| Untracked 
|  33|0x0000000082100000, 0x0000000082200000, 0x0000000082200000|100%| O|  |TAMS 0x0000000082200000, 0x0000000082200000| Untracked 
|  34|0x0000000082200000, 0x0000000082300000, 0x0000000082300000|100%| O|  |TAMS 0x0000000082300000, 0x0000000082300000| Untracked 
|  35|0x0000000082300000, 0x0000000082400000, 0x0000000082400000|100%| O|  |TAMS 0x0000000082400000, 0x0000000082400000| Untracked 
|  36|0x0000000082400000, 0x0000000082500000, 0x0000000082500000|100%| O|  |TAMS 0x0000000082500000, 0x0000000082500000| Untracked 
|  37|0x0000000082500000, 0x0000000082600000, 0x0000000082600000|100%|HS|  |TAMS 0x0000000082600000, 0x0000000082600000| Complete 
|  38|0x0000000082600000, 0x0000000082700000, 0x0000000082700000|100%|HC|  |TAMS 0x0000000082700000, 0x0000000082700000| Complete 
|  39|0x0000000082700000, 0x0000000082800000, 0x0000000082800000|100%| O|  |TAMS 0x0000000082800000, 0x0000000082800000| Untracked 
|  40|0x0000000082800000, 0x0000000082900000, 0x0000000082900000|100%|HS|  |TAMS 0x0000000082900000, 0x0000000082900000| Complete 
|  41|0x0000000082900000, 0x0000000082a00000, 0x0000000082a00000|100%|HC|  |TAMS 0x0000000082a00000, 0x0000000082a00000| Complete 
|  42|0x0000000082a00000, 0x0000000082b00000, 0x0000000082b00000|100%|HC|  |TAMS 0x0000000082b00000, 0x0000000082b00000| Complete 
|  43|0x0000000082b00000, 0x0000000082c00000, 0x0000000082c00000|100%|HC|  |TAMS 0x0000000082c00000, 0x0000000082c00000| Complete 
|  44|0x0000000082c00000, 0x0000000082d00000, 0x0000000082d00000|100%| O|  |TAMS 0x0000000082d00000, 0x0000000082d00000| Untracked 
|  45|0x0000000082d00000, 0x0000000082e00000, 0x0000000082e00000|100%| O|  |TAMS 0x0000000082e00000, 0x0000000082e00000| Untracked 
|  46|0x0000000082e00000, 0x0000000082f00000, 0x0000000082f00000|100%| O|  |TAMS 0x0000000082f00000, 0x0000000082f00000| Untracked 
|  47|0x0000000082f00000, 0x0000000083000000, 0x0000000083000000|100%| O|  |TAMS 0x0000000083000000, 0x0000000083000000| Untracked 
|  48|0x0000000083000000, 0x0000000083100000, 0x0000000083100000|100%| O|  |TAMS 0x0000000083100000, 0x0000000083100000| Untracked 
|  49|0x0000000083100000, 0x0000000083200000, 0x0000000083200000|100%| O|  |TAMS 0x0000000083200000, 0x0000000083200000| Untracked 
|  50|0x0000000083200000, 0x0000000083300000, 0x0000000083300000|100%| O|  |TAMS 0x0000000083300000, 0x0000000083300000| Untracked 
|  51|0x0000000083300000, 0x0000000083400000, 0x0000000083400000|100%| O|  |TAMS 0x0000000083400000, 0x0000000083400000| Untracked 
|  52|0x0000000083400000, 0x0000000083500000, 0x0000000083500000|100%| O|  |TAMS 0x0000000083500000, 0x0000000083500000| Untracked 
|  53|0x0000000083500000, 0x0000000083600000, 0x0000000083600000|100%| O|  |TAMS 0x0000000083600000, 0x0000000083600000| Untracked 
|  54|0x0000000083600000, 0x0000000083600000, 0x0000000083700000|  0%| F|  |TAMS 0x0000000083600000, 0x0000000083600000| Untracked 
|  55|0x0000000083700000, 0x0000000083800000, 0x0000000083800000|100%| O|  |TAMS 0x0000000083800000, 0x0000000083800000| Untracked 
|  56|0x0000000083800000, 0x0000000083900000, 0x0000000083900000|100%| O|  |TAMS 0x0000000083900000, 0x0000000083900000| Untracked 
|  57|0x0000000083900000, 0x0000000083a00000, 0x0000000083a00000|100%| O|  |TAMS 0x0000000083a00000, 0x0000000083a00000| Untracked 
|  58|0x0000000083a00000, 0x0000000083a00000, 0x0000000083b00000|  0%| F|  |TAMS 0x0000000083a00000, 0x0000000083a00000| Untracked 
|  59|0x0000000083b00000, 0x0000000083c00000, 0x0000000083c00000|100%| O|  |TAMS 0x0000000083c00000, 0x0000000083c00000| Untracked 
|  60|0x0000000083c00000, 0x0000000083d00000, 0x0000000083d00000|100%| O|  |TAMS 0x0000000083d00000, 0x0000000083d00000| Untracked 
|  61|0x0000000083d00000, 0x0000000083e00000, 0x0000000083e00000|100%| O|  |TAMS 0x0000000083e00000, 0x0000000083e00000| Untracked 
|  62|0x0000000083e00000, 0x0000000083f00000, 0x0000000083f00000|100%|HS|  |TAMS 0x0000000083f00000, 0x0000000083f00000| Complete 
|  63|0x0000000083f00000, 0x0000000084000000, 0x0000000084000000|100%| O|  |TAMS 0x0000000084000000, 0x0000000084000000| Untracked 
|  64|0x0000000084000000, 0x0000000084100000, 0x0000000084100000|100%| O|  |TAMS 0x0000000084100000, 0x0000000084100000| Untracked 
|  65|0x0000000084100000, 0x0000000084200000, 0x0000000084200000|100%| O|  |TAMS 0x0000000084200000, 0x0000000084200000| Untracked 
|  66|0x0000000084200000, 0x0000000084300000, 0x0000000084300000|100%| O|  |TAMS 0x0000000084300000, 0x0000000084300000| Untracked 
|  67|0x0000000084300000, 0x0000000084400000, 0x0000000084400000|100%| O|  |TAMS 0x0000000084400000, 0x0000000084400000| Untracked 
|  68|0x0000000084400000, 0x0000000084500000, 0x0000000084500000|100%| O|  |TAMS 0x0000000084500000, 0x0000000084500000| Untracked 
|  69|0x0000000084500000, 0x0000000084600000, 0x0000000084600000|100%| O|  |TAMS 0x000000008454fc00, 0x0000000084600000| Untracked 
|  70|0x0000000084600000, 0x0000000084700000, 0x0000000084700000|100%| O|  |TAMS 0x0000000084600000, 0x0000000084700000| Untracked 
|  71|0x0000000084700000, 0x0000000084800000, 0x0000000084800000|100%| O|  |TAMS 0x0000000084700000, 0x0000000084800000| Untracked 
|  72|0x0000000084800000, 0x000000008485c400, 0x0000000084900000| 36%| O|  |TAMS 0x0000000084800000, 0x000000008485c400| Untracked 
|  73|0x0000000084900000, 0x0000000084900000, 0x0000000084a00000|  0%| F|  |TAMS 0x0000000084900000, 0x0000000084900000| Untracked 
|  74|0x0000000084a00000, 0x0000000084a00000, 0x0000000084b00000|  0%| F|  |TAMS 0x0000000084a00000, 0x0000000084a00000| Untracked 
|  75|0x0000000084b00000, 0x0000000084c00000, 0x0000000084c00000|100%| O|  |TAMS 0x0000000084b00000, 0x0000000084c00000| Untracked 
|  76|0x0000000084c00000, 0x0000000084d00000, 0x0000000084d00000|100%| O|  |TAMS 0x0000000084c00000, 0x0000000084d00000| Untracked 
|  77|0x0000000084d00000, 0x0000000084d00000, 0x0000000084e00000|  0%| F|  |TAMS 0x0000000084d00000, 0x0000000084d00000| Untracked 
|  78|0x0000000084e00000, 0x0000000084e00000, 0x0000000084f00000|  0%| F|  |TAMS 0x0000000084e00000, 0x0000000084e00000| Untracked 
|  79|0x0000000084f00000, 0x0000000084f00000, 0x0000000085000000|  0%| F|  |TAMS 0x0000000084f00000, 0x0000000084f00000| Untracked 
|  80|0x0000000085000000, 0x0000000085000000, 0x0000000085100000|  0%| F|  |TAMS 0x0000000085000000, 0x0000000085000000| Untracked 
|  81|0x0000000085100000, 0x0000000085100000, 0x0000000085200000|  0%| F|  |TAMS 0x0000000085100000, 0x0000000085100000| Untracked 
|  82|0x0000000085200000, 0x0000000085200000, 0x0000000085300000|  0%| F|  |TAMS 0x0000000085200000, 0x0000000085200000| Untracked 
|  83|0x0000000085300000, 0x0000000085300000, 0x0000000085400000|  0%| F|  |TAMS 0x0000000085300000, 0x0000000085300000| Untracked 
|  84|0x0000000085400000, 0x0000000085400000, 0x0000000085500000|  0%| F|  |TAMS 0x0000000085400000, 0x0000000085400000| Untracked 
|  85|0x0000000085500000, 0x0000000085500000, 0x0000000085600000|  0%| F|  |TAMS 0x0000000085500000, 0x0000000085500000| Untracked 
|  86|0x0000000085600000, 0x0000000085600000, 0x0000000085700000|  0%| F|  |TAMS 0x0000000085600000, 0x0000000085600000| Untracked 
|  87|0x0000000085700000, 0x0000000085700000, 0x0000000085800000|  0%| F|  |TAMS 0x0000000085700000, 0x0000000085700000| Untracked 
|  88|0x0000000085800000, 0x0000000085800000, 0x0000000085900000|  0%| F|  |TAMS 0x0000000085800000, 0x0000000085800000| Untracked 
|  89|0x0000000085900000, 0x0000000085900000, 0x0000000085a00000|  0%| F|  |TAMS 0x0000000085900000, 0x0000000085900000| Untracked 
|  90|0x0000000085a00000, 0x0000000085a00000, 0x0000000085b00000|  0%| F|  |TAMS 0x0000000085a00000, 0x0000000085a00000| Untracked 
|  91|0x0000000085b00000, 0x0000000085b00000, 0x0000000085c00000|  0%| F|  |TAMS 0x0000000085b00000, 0x0000000085b00000| Untracked 
|  92|0x0000000085c00000, 0x0000000085c00000, 0x0000000085d00000|  0%| F|  |TAMS 0x0000000085c00000, 0x0000000085c00000| Untracked 
|  93|0x0000000085d00000, 0x0000000085d00000, 0x0000000085e00000|  0%| F|  |TAMS 0x0000000085d00000, 0x0000000085d00000| Untracked 
|  94|0x0000000085e00000, 0x0000000085e00000, 0x0000000085f00000|  0%| F|  |TAMS 0x0000000085e00000, 0x0000000085e00000| Untracked 
|  95|0x0000000085f00000, 0x0000000085f00000, 0x0000000086000000|  0%| F|  |TAMS 0x0000000085f00000, 0x0000000085f00000| Untracked 
|  96|0x0000000086000000, 0x0000000086000000, 0x0000000086100000|  0%| F|  |TAMS 0x0000000086000000, 0x0000000086000000| Untracked 
|  97|0x0000000086100000, 0x0000000086100000, 0x0000000086200000|  0%| F|  |TAMS 0x0000000086100000, 0x0000000086100000| Untracked 
|  98|0x0000000086200000, 0x0000000086200000, 0x0000000086300000|  0%| F|  |TAMS 0x0000000086200000, 0x0000000086200000| Untracked 
|  99|0x0000000086300000, 0x0000000086300000, 0x0000000086400000|  0%| F|  |TAMS 0x0000000086300000, 0x0000000086300000| Untracked 
| 100|0x0000000086400000, 0x0000000086400000, 0x0000000086500000|  0%| F|  |TAMS 0x0000000086400000, 0x0000000086400000| Untracked 
| 101|0x0000000086500000, 0x0000000086500000, 0x0000000086600000|  0%| F|  |TAMS 0x0000000086500000, 0x0000000086500000| Untracked 
| 102|0x0000000086600000, 0x0000000086600000, 0x0000000086700000|  0%| F|  |TAMS 0x0000000086600000, 0x0000000086600000| Untracked 
| 103|0x0000000086700000, 0x0000000086700000, 0x0000000086800000|  0%| F|  |TAMS 0x0000000086700000, 0x0000000086700000| Untracked 
| 104|0x0000000086800000, 0x0000000086856040, 0x0000000086900000| 33%| S|CS|TAMS 0x0000000086800000, 0x0000000086800000| Complete 
| 105|0x0000000086900000, 0x0000000086a00000, 0x0000000086a00000|100%| S|CS|TAMS 0x0000000086900000, 0x0000000086900000| Complete 
| 106|0x0000000086a00000, 0x0000000086b00000, 0x0000000086b00000|100%| S|CS|TAMS 0x0000000086a00000, 0x0000000086a00000| Complete 
| 107|0x0000000086b00000, 0x0000000086c00000, 0x0000000086c00000|100%| S|CS|TAMS 0x0000000086b00000, 0x0000000086b00000| Complete 
| 108|0x0000000086c00000, 0x0000000086c00000, 0x0000000086d00000|  0%| F|  |TAMS 0x0000000086c00000, 0x0000000086c00000| Untracked 
| 109|0x0000000086d00000, 0x0000000086d00000, 0x0000000086e00000|  0%| F|  |TAMS 0x0000000086d00000, 0x0000000086d00000| Untracked 
| 110|0x0000000086e00000, 0x0000000086e00000, 0x0000000086f00000|  0%| F|  |TAMS 0x0000000086e00000, 0x0000000086e00000| Untracked 
| 111|0x0000000086f00000, 0x0000000086f00000, 0x0000000087000000|  0%| F|  |TAMS 0x0000000086f00000, 0x0000000086f00000| Untracked 
| 112|0x0000000087000000, 0x0000000087000000, 0x0000000087100000|  0%| F|  |TAMS 0x0000000087000000, 0x0000000087000000| Untracked 
| 113|0x0000000087100000, 0x0000000087100000, 0x0000000087200000|  0%| F|  |TAMS 0x0000000087100000, 0x0000000087100000| Untracked 
| 114|0x0000000087200000, 0x0000000087200000, 0x0000000087300000|  0%| F|  |TAMS 0x0000000087200000, 0x0000000087200000| Untracked 
| 115|0x0000000087300000, 0x0000000087300000, 0x0000000087400000|  0%| F|  |TAMS 0x0000000087300000, 0x0000000087300000| Untracked 
| 116|0x0000000087400000, 0x0000000087400000, 0x0000000087500000|  0%| F|  |TAMS 0x0000000087400000, 0x0000000087400000| Untracked 
| 117|0x0000000087500000, 0x0000000087500000, 0x0000000087600000|  0%| F|  |TAMS 0x0000000087500000, 0x0000000087500000| Untracked 
| 118|0x0000000087600000, 0x0000000087600000, 0x0000000087700000|  0%| F|  |TAMS 0x0000000087600000, 0x0000000087600000| Untracked 
| 119|0x0000000087700000, 0x0000000087700000, 0x0000000087800000|  0%| F|  |TAMS 0x0000000087700000, 0x0000000087700000| Untracked 
| 120|0x0000000087800000, 0x0000000087800000, 0x0000000087900000|  0%| F|  |TAMS 0x0000000087800000, 0x0000000087800000| Untracked 
| 121|0x0000000087900000, 0x0000000087900000, 0x0000000087a00000|  0%| F|  |TAMS 0x0000000087900000, 0x0000000087900000| Untracked 
| 122|0x0000000087a00000, 0x0000000087a00000, 0x0000000087b00000|  0%| F|  |TAMS 0x0000000087a00000, 0x0000000087a00000| Untracked 
| 123|0x0000000087b00000, 0x0000000087b00000, 0x0000000087c00000|  0%| F|  |TAMS 0x0000000087b00000, 0x0000000087b00000| Untracked 
| 124|0x0000000087c00000, 0x0000000087c00000, 0x0000000087d00000|  0%| F|  |TAMS 0x0000000087c00000, 0x0000000087c00000| Untracked 
| 125|0x0000000087d00000, 0x0000000087d00000, 0x0000000087e00000|  0%| F|  |TAMS 0x0000000087d00000, 0x0000000087d00000| Untracked 
| 126|0x0000000087e00000, 0x0000000087e00000, 0x0000000087f00000|  0%| F|  |TAMS 0x0000000087e00000, 0x0000000087e00000| Untracked 
| 127|0x0000000087f00000, 0x0000000087f00000, 0x0000000088000000|  0%| F|  |TAMS 0x0000000087f00000, 0x0000000087f00000| Untracked 
| 128|0x0000000088000000, 0x0000000088000000, 0x0000000088100000|  0%| F|  |TAMS 0x0000000088000000, 0x0000000088000000| Untracked 
| 129|0x0000000088100000, 0x0000000088100000, 0x0000000088200000|  0%| F|  |TAMS 0x0000000088100000, 0x0000000088100000| Untracked 
| 130|0x0000000088200000, 0x0000000088200000, 0x0000000088300000|  0%| F|  |TAMS 0x0000000088200000, 0x0000000088200000| Untracked 
| 131|0x0000000088300000, 0x0000000088300000, 0x0000000088400000|  0%| F|  |TAMS 0x0000000088300000, 0x0000000088300000| Untracked 
| 132|0x0000000088400000, 0x0000000088400000, 0x0000000088500000|  0%| F|  |TAMS 0x0000000088400000, 0x0000000088400000| Untracked 
| 133|0x0000000088500000, 0x0000000088500000, 0x0000000088600000|  0%| F|  |TAMS 0x0000000088500000, 0x0000000088500000| Untracked 
| 134|0x0000000088600000, 0x0000000088600000, 0x0000000088700000|  0%| F|  |TAMS 0x0000000088600000, 0x0000000088600000| Untracked 
| 135|0x0000000088700000, 0x0000000088700000, 0x0000000088800000|  0%| F|  |TAMS 0x0000000088700000, 0x0000000088700000| Untracked 
| 136|0x0000000088800000, 0x0000000088800000, 0x0000000088900000|  0%| F|  |TAMS 0x0000000088800000, 0x0000000088800000| Untracked 
| 137|0x0000000088900000, 0x0000000088900000, 0x0000000088a00000|  0%| F|  |TAMS 0x0000000088900000, 0x0000000088900000| Untracked 
| 138|0x0000000088a00000, 0x0000000088a00000, 0x0000000088b00000|  0%| F|  |TAMS 0x0000000088a00000, 0x0000000088a00000| Untracked 
| 139|0x0000000088b00000, 0x0000000088b00000, 0x0000000088c00000|  0%| F|  |TAMS 0x0000000088b00000, 0x0000000088b00000| Untracked 
| 140|0x0000000088c00000, 0x0000000088c00000, 0x0000000088d00000|  0%| F|  |TAMS 0x0000000088c00000, 0x0000000088c00000| Untracked 
| 141|0x0000000088d00000, 0x0000000088d00000, 0x0000000088e00000|  0%| F|  |TAMS 0x0000000088d00000, 0x0000000088d00000| Untracked 
| 142|0x0000000088e00000, 0x0000000088e00000, 0x0000000088f00000|  0%| F|  |TAMS 0x0000000088e00000, 0x0000000088e00000| Untracked 
| 143|0x0000000088f00000, 0x0000000088f00000, 0x0000000089000000|  0%| F|  |TAMS 0x0000000088f00000, 0x0000000088f00000| Untracked 
| 144|0x0000000089000000, 0x0000000089000000, 0x0000000089100000|  0%| F|  |TAMS 0x0000000089000000, 0x0000000089000000| Untracked 
| 145|0x0000000089100000, 0x0000000089100000, 0x0000000089200000|  0%| F|  |TAMS 0x0000000089100000, 0x0000000089100000| Untracked 
| 146|0x0000000089200000, 0x0000000089200000, 0x0000000089300000|  0%| F|  |TAMS 0x0000000089200000, 0x0000000089200000| Untracked 
| 147|0x0000000089300000, 0x0000000089300000, 0x0000000089400000|  0%| F|  |TAMS 0x0000000089300000, 0x0000000089300000| Untracked 
| 148|0x0000000089400000, 0x0000000089400000, 0x0000000089500000|  0%| F|  |TAMS 0x0000000089400000, 0x0000000089400000| Untracked 
| 149|0x0000000089500000, 0x0000000089500000, 0x0000000089600000|  0%| F|  |TAMS 0x0000000089500000, 0x0000000089500000| Untracked 

Card table byte_map: [0x00000246af1e0000,0x00000246af5e0000] _byte_map_base: 0x00000246aede0000

Marking Bits (Prev, Next): (CMBitMap*) 0x00000246985a2ca0, (CMBitMap*) 0x00000246985a2ce0
 Prev Bits: [0x00000246af9e0000, 0x00000246b19e0000)
 Next Bits: [0x00000246b19e0000, 0x00000246b39e0000)

Polling page: 0x0000024696440000

Metaspace:

Usage:
  Non-class:     62.00 MB used.
      Class:      9.85 MB used.
       Both:     71.85 MB used.

Virtual space:
  Non-class space:       64.00 MB reserved,      62.38 MB ( 97%) committed,  1 nodes.
      Class space:      416.00 MB reserved,      10.19 MB (  2%) committed,  1 nodes.
             Both:      480.00 MB reserved,      72.56 MB ( 15%) committed. 

Chunk freelists:
   Non-Class:  960.00 KB
       Class:  5.81 MB
        Both:  6.75 MB

MaxMetaspaceSize: 512.00 MB
CompressedClassSpaceSize: 416.00 MB
Initial GC threshold: 21.00 MB
Current GC threshold: 113.06 MB
CDS: on
MetaspaceReclaimPolicy: balanced
 - commit_granule_bytes: 65536.
 - commit_granule_words: 8192.
 - virtual_space_node_default_size: 8388608.
 - enlarge_chunks_in_place: 1.
 - new_chunks_are_fully_committed: 0.
 - uncommit_free_chunks: 1.
 - use_allocation_guard: 0.
 - handle_deallocations: 1.


Internal statistics:

num_allocs_failed_limit: 6.
num_arena_births: 890.
num_arena_deaths: 0.
num_vsnodes_births: 2.
num_vsnodes_deaths: 0.
num_space_committed: 1161.
num_space_uncommitted: 0.
num_chunks_returned_to_freelist: 6.
num_chunks_taken_from_freelist: 3867.
num_chunk_merges: 6.
num_chunk_splits: 2592.
num_chunks_enlarged: 1744.
num_purges: 0.
num_inconsistent_stats: 0.

CodeHeap 'non-profiled nmethods': size=120000Kb used=4604Kb max_used=4820Kb free=115395Kb
 bounds [0x00000246a78b0000, 0x00000246a7d70000, 0x00000246aede0000]
CodeHeap 'profiled nmethods': size=120000Kb used=16023Kb max_used=16762Kb free=103976Kb
 bounds [0x000002469fde0000, 0x00000246a0e40000, 0x00000246a7310000]
CodeHeap 'non-nmethods': size=5760Kb used=2399Kb max_used=2469Kb free=3360Kb
 bounds [0x00000246a7310000, 0x00000246a7580000, 0x00000246a78b0000]
 total_blobs=9188 nmethods=8268 adapters=831
 compilation: enabled
              stopped_count=0, restarted_count=0
 full_count=0

Compilation events (20 events):
Event: 26.524 Thread 0x00000246d7ee2060 9615       4       java.lang.reflect.Method::getGenericParameterTypes (5 bytes)
Event: 26.525 Thread 0x00000246b5ef6b60 nmethod 9612 0x000002469fec2890 code [0x000002469fec3240, 0x000002469feca918]
Event: 26.525 Thread 0x00000246b5ef6b60 9614       3       com.sun.beans.introspect.MethodInfo$MethodOrder::compare (167 bytes)
Event: 26.526 Thread 0x00000246b5ef6b60 nmethod 9614 0x00000246a02b2610 code [0x00000246a02b2900, 0x00000246a02b37e8]
Event: 26.526 Thread 0x00000246b5ef6b60 9613       3       com.sun.beans.introspect.MethodInfo$MethodOrder::compare (13 bytes)
Event: 26.526 Thread 0x00000246b5ef6b60 nmethod 9613 0x00000246a08c0690 code [0x00000246a08c0840, 0x00000246a08c0b68]
Event: 26.526 Thread 0x00000246b5ef6b60 9616   !   3       com.sun.beans.introspect.PropertyInfo::initialize (374 bytes)
Event: 26.533 Thread 0x00000246b5ef6b60 nmethod 9616 0x00000246a0212910 code [0x00000246a0212fc0, 0x00000246a0216a68]
Event: 26.533 Thread 0x00000246b5ef6b60 9617       3       java.beans.PropertyDescriptor::isAssignable (148 bytes)
Event: 26.541 Thread 0x00000246b5ef6b60 nmethod 9617 0x00000246a0c1db90 code [0x00000246a0c1e300, 0x00000246a0c228d8]
Event: 26.541 Thread 0x00000246b5ef6b60 9618       3       java.beans.PropertyDescriptor::setPropertyEditorClass (9 bytes)
Event: 26.541 Thread 0x00000246b5ef6b60 nmethod 9618 0x00000246a06e6b10 code [0x00000246a06e6ce0, 0x00000246a06e7088]
Event: 26.541 Thread 0x00000246b5ef6b60 9619       3       java.beans.FeatureDescriptor::<init> (69 bytes)
Event: 26.542 Thread 0x00000246b5ef6b60 nmethod 9619 0x000002469fec1c90 code [0x000002469fec1ec0, 0x000002469fec2668]
Event: 26.542 Thread 0x00000246b5ef6b60 9621   !   3       java.beans.PropertyDescriptor::<init> (349 bytes)
Event: 26.550 Thread 0x00000246b5ef6b60 nmethod 9621 0x00000246a0b3b710 code [0x00000246a0b3c020, 0x00000246a0b42228]
Event: 26.550 Thread 0x00000246b5ef6b60 9622  s!   3       java.beans.PropertyDescriptor::getPropertyType (33 bytes)
Event: 26.551 Thread 0x00000246b5ef6b60 nmethod 9622 0x00000246a08b1d90 code [0x00000246a08b1fc0, 0x00000246a08b29a8]
Event: 26.551 Thread 0x00000246b5ef6b60 9623       3       org.apache.groovy.util.BeanUtils::decapitalize (68 bytes)
Event: 26.554 Thread 0x00000246b5ef6b60 nmethod 9623 0x000002469fe89690 code [0x000002469fe89a00, 0x000002469fe8af68]

GC Heap History (20 events):
Event: 17.310 GC heap after
{Heap after GC invocations=20 (full 0):
 garbage-first heap   total 103424K, used 55039K [0x0000000080000000, 0x0000000100000000)
  region size 1024K, 5 young (5120K), 5 survivors (5120K)
 Metaspace       used 56777K, committed 57472K, reserved 491520K
  class space    used 7922K, committed 8256K, reserved 425984K
}
Event: 18.237 GC heap before
{Heap before GC invocations=20 (full 0):
 garbage-first heap   total 103424K, used 82687K [0x0000000080000000, 0x0000000100000000)
  region size 1024K, 32 young (32768K), 5 survivors (5120K)
 Metaspace       used 58455K, committed 59136K, reserved 491520K
  class space    used 8170K, committed 8512K, reserved 425984K
}
Event: 18.251 GC heap after
{Heap after GC invocations=21 (full 0):
 garbage-first heap   total 124928K, used 57682K [0x0000000080000000, 0x0000000100000000)
  region size 1024K, 3 young (3072K), 3 survivors (3072K)
 Metaspace       used 58455K, committed 59136K, reserved 491520K
  class space    used 8170K, committed 8512K, reserved 425984K
}
Event: 20.315 GC heap before
{Heap before GC invocations=22 (full 0):
 garbage-first heap   total 124928K, used 97618K [0x0000000080000000, 0x0000000100000000)
  region size 1024K, 43 young (44032K), 3 survivors (3072K)
 Metaspace       used 61894K, committed 62592K, reserved 491520K
  class space    used 8645K, committed 8960K, reserved 425984K
}
Event: 20.333 GC heap after
{Heap after GC invocations=23 (full 0):
 garbage-first heap   total 124928K, used 62107K [0x0000000080000000, 0x0000000100000000)
  region size 1024K, 6 young (6144K), 6 survivors (6144K)
 Metaspace       used 61894K, committed 62592K, reserved 491520K
  class space    used 8645K, committed 8960K, reserved 425984K
}
Event: 20.386 GC heap before
{Heap before GC invocations=23 (full 0):
 garbage-first heap   total 124928K, used 63131K [0x0000000080000000, 0x0000000100000000)
  region size 1024K, 7 young (7168K), 6 survivors (6144K)
 Metaspace       used 62008K, committed 62656K, reserved 491520K
  class space    used 8655K, committed 8960K, reserved 425984K
}
Event: 20.400 GC heap after
{Heap after GC invocations=24 (full 0):
 garbage-first heap   total 124928K, used 62925K [0x0000000080000000, 0x0000000100000000)
  region size 1024K, 1 young (1024K), 1 survivors (1024K)
 Metaspace       used 62008K, committed 62656K, reserved 491520K
  class space    used 8655K, committed 8960K, reserved 425984K
}
Event: 21.918 GC heap before
{Heap before GC invocations=24 (full 0):
 garbage-first heap   total 124928K, used 86477K [0x0000000080000000, 0x0000000100000000)
  region size 1024K, 26 young (26624K), 1 survivors (1024K)
 Metaspace       used 62876K, committed 63616K, reserved 491520K
  class space    used 8769K, committed 9088K, reserved 425984K
}
Event: 21.923 GC heap after
{Heap after GC invocations=25 (full 0):
 garbage-first heap   total 124928K, used 65621K [0x0000000080000000, 0x0000000100000000)
  region size 1024K, 4 young (4096K), 4 survivors (4096K)
 Metaspace       used 62876K, committed 63616K, reserved 491520K
  class space    used 8769K, committed 9088K, reserved 425984K
}
Event: 23.723 GC heap before
{Heap before GC invocations=26 (full 0):
 garbage-first heap   total 124928K, used 100437K [0x0000000080000000, 0x0000000100000000)
  region size 1024K, 37 young (37888K), 4 survivors (4096K)
 Metaspace       used 67005K, committed 67776K, reserved 491520K
  class space    used 9242K, committed 9600K, reserved 425984K
}
Event: 23.731 GC heap after
{Heap after GC invocations=27 (full 0):
 garbage-first heap   total 124928K, used 70088K [0x0000000080000000, 0x0000000100000000)
  region size 1024K, 4 young (4096K), 4 survivors (4096K)
 Metaspace       used 67005K, committed 67776K, reserved 491520K
  class space    used 9242K, committed 9600K, reserved 425984K
}
Event: 23.849 GC heap before
{Heap before GC invocations=27 (full 0):
 garbage-first heap   total 124928K, used 72136K [0x0000000080000000, 0x0000000100000000)
  region size 1024K, 6 young (6144K), 4 survivors (4096K)
 Metaspace       used 67284K, committed 68032K, reserved 491520K
  class space    used 9277K, committed 9664K, reserved 425984K
}
Event: 23.856 GC heap after
{Heap after GC invocations=28 (full 0):
 garbage-first heap   total 124928K, used 69225K [0x0000000080000000, 0x0000000100000000)
  region size 1024K, 1 young (1024K), 1 survivors (1024K)
 Metaspace       used 67284K, committed 68032K, reserved 491520K
  class space    used 9277K, committed 9664K, reserved 425984K
}
Event: 24.311 GC heap before
{Heap before GC invocations=28 (full 0):
 garbage-first heap   total 124928K, used 74345K [0x0000000080000000, 0x0000000100000000)
  region size 1024K, 7 young (7168K), 1 survivors (1024K)
 Metaspace       used 68643K, committed 69440K, reserved 491520K
  class space    used 9425K, committed 9792K, reserved 425984K
}
Event: 24.314 GC heap after
{Heap after GC invocations=29 (full 0):
 garbage-first heap   total 124928K, used 71933K [0x0000000080000000, 0x0000000100000000)
  region size 1024K, 3 young (3072K), 3 survivors (3072K)
 Metaspace       used 68643K, committed 69440K, reserved 491520K
  class space    used 9425K, committed 9792K, reserved 425984K
}
Event: 25.139 GC heap before
{Heap before GC invocations=30 (full 0):
 garbage-first heap   total 153600K, used 105725K [0x0000000080000000, 0x0000000100000000)
  region size 1024K, 29 young (29696K), 3 survivors (3072K)
 Metaspace       used 70073K, committed 70848K, reserved 491520K
  class space    used 9620K, committed 9984K, reserved 425984K
}
Event: 25.146 GC heap after
{Heap after GC invocations=31 (full 0):
 garbage-first heap   total 153600K, used 74870K [0x0000000080000000, 0x0000000100000000)
  region size 1024K, 4 young (4096K), 4 survivors (4096K)
 Metaspace       used 70073K, committed 70848K, reserved 491520K
  class space    used 9620K, committed 9984K, reserved 425984K
}
Event: 25.208 GC heap before
{Heap before GC invocations=31 (full 0):
 garbage-first heap   total 153600K, used 77942K [0x0000000080000000, 0x0000000100000000)
  region size 1024K, 7 young (7168K), 4 survivors (4096K)
 Metaspace       used 70314K, committed 71104K, reserved 491520K
  class space    used 9654K, committed 10048K, reserved 425984K
}
Event: 25.215 GC heap after
{Heap after GC invocations=32 (full 0):
 garbage-first heap   total 153600K, used 74834K [0x0000000080000000, 0x0000000100000000)
  region size 1024K, 1 young (1024K), 1 survivors (1024K)
 Metaspace       used 70314K, committed 71104K, reserved 491520K
  class space    used 9654K, committed 10048K, reserved 425984K
}
Event: 26.576 GC heap before
{Heap before GC invocations=32 (full 0):
 garbage-first heap   total 153600K, used 117842K [0x0000000080000000, 0x0000000100000000)
  region size 1024K, 42 young (43008K), 1 survivors (1024K)
 Metaspace       used 73577K, committed 74304K, reserved 491520K
  class space    used 10087K, committed 10432K, reserved 425984K
}

Deoptimization events (20 events):
Event: 26.438 Thread 0x00000246d6c42c90 Uncommon trap: trap_request=0xffffffd6 fr.pc=0x00000246a7abbd8c relative=0x000000000000036c
Event: 26.438 Thread 0x00000246d6c42c90 Uncommon trap: reason=array_check action=maybe_recompile pc=0x00000246a7abbd8c method=java.util.LinkedHashMap.keysToArray([Ljava/lang/Object;)[Ljava/lang/Object; @ 25 c2
Event: 26.438 Thread 0x00000246d6c42c90 DEOPT PACKING pc=0x00000246a7abbd8c sp=0x000000931cef6e70
Event: 26.438 Thread 0x00000246d6c42c90 DEOPT UNPACKING pc=0x00000246a7365ba3 sp=0x000000931cef6e18 mode 2
Event: 26.441 Thread 0x00000246d6c42c90 Uncommon trap: trap_request=0xffffffd6 fr.pc=0x00000246a7abbd8c relative=0x000000000000036c
Event: 26.441 Thread 0x00000246d6c42c90 Uncommon trap: reason=array_check action=maybe_recompile pc=0x00000246a7abbd8c method=java.util.LinkedHashMap.keysToArray([Ljava/lang/Object;)[Ljava/lang/Object; @ 25 c2
Event: 26.441 Thread 0x00000246d6c42c90 DEOPT PACKING pc=0x00000246a7abbd8c sp=0x000000931cef6e70
Event: 26.441 Thread 0x00000246d6c42c90 DEOPT UNPACKING pc=0x00000246a7365ba3 sp=0x000000931cef6e18 mode 2
Event: 26.506 Thread 0x00000246d6c42c90 Uncommon trap: trap_request=0xffffff45 fr.pc=0x00000246a7ade678 relative=0x0000000000000438
Event: 26.506 Thread 0x00000246d6c42c90 Uncommon trap: reason=unstable_if action=reinterpret pc=0x00000246a7ade678 method=java.util.StringJoiner.add(Ljava/lang/CharSequence;)Ljava/util/StringJoiner; @ 33 c2
Event: 26.506 Thread 0x00000246d6c42c90 DEOPT PACKING pc=0x00000246a7ade678 sp=0x000000931cef6ca0
Event: 26.506 Thread 0x00000246d6c42c90 DEOPT UNPACKING pc=0x00000246a7365ba3 sp=0x000000931cef6c50 mode 2
Event: 26.520 Thread 0x00000246d6c42c90 Uncommon trap: trap_request=0xffffff45 fr.pc=0x00000246a78e3b40 relative=0x00000000000006e0
Event: 26.520 Thread 0x00000246d6c42c90 Uncommon trap: reason=unstable_if action=reinterpret pc=0x00000246a78e3b40 method=com.sun.beans.introspect.MethodInfo$MethodOrder.compare(Ljava/lang/reflect/Method;Ljava/lang/reflect/Method;)I @ 148 c2
Event: 26.520 Thread 0x00000246d6c42c90 DEOPT PACKING pc=0x00000246a78e3b40 sp=0x000000931cef72d0
Event: 26.520 Thread 0x00000246d6c42c90 DEOPT UNPACKING pc=0x00000246a7365ba3 sp=0x000000931cef7208 mode 2
Event: 26.521 Thread 0x00000246d6c42c90 Uncommon trap: trap_request=0xffffff45 fr.pc=0x00000246a7b4300c relative=0x00000000000006ac
Event: 26.521 Thread 0x00000246d6c42c90 Uncommon trap: reason=unstable_if action=reinterpret pc=0x00000246a7b4300c method=com.sun.beans.introspect.MethodInfo$MethodOrder.compare(Ljava/lang/reflect/Method;Ljava/lang/reflect/Method;)I @ 148 c2
Event: 26.521 Thread 0x00000246d6c42c90 DEOPT PACKING pc=0x00000246a7b4300c sp=0x000000931cef7240
Event: 26.521 Thread 0x00000246d6c42c90 DEOPT UNPACKING pc=0x00000246a7365ba3 sp=0x000000931cef7200 mode 2

Classes unloaded (0 events):
No events

Classes redefined (0 events):
No events

Internal exceptions (20 events):
Event: 21.727 Thread 0x00000246d6c42c90 Exception <a 'java/lang/ClassNotFoundException'{0x00000000862f7cc0}: org/gradle/api/internal/DefaultDomainObjectSetCustomizer> (0x00000000862f7cc0) 
thrown [s\open\src\hotspot\share\classfile\systemDictionary.cpp, line 256]
Event: 21.732 Thread 0x00000246d6c42c90 Exception <a 'java/lang/ClassNotFoundException'{0x0000000086112670}: org/gradle/api/internal/plugins/DefaultPluginCollectionCustomizer> (0x0000000086112670) 
thrown [s\open\src\hotspot\share\classfile\systemDictionary.cpp, line 256]
Event: 21.735 Thread 0x00000246d6c42c90 Exception <a 'java/lang/ClassNotFoundException'{0x0000000086147530}: org/gradle/api/internal/plugins/DefaultPluginContainerCustomizer> (0x0000000086147530) 
thrown [s\open\src\hotspot\share\classfile\systemDictionary.cpp, line 256]
Event: 21.878 Thread 0x00000246d6c42c90 Exception <a 'java/lang/ClassNotFoundException'{0x00000000861fe870}: build_bl3g9exjgdsbhhj21j7iypz8nBeanInfo> (0x00000000861fe870) 
thrown [s\open\src\hotspot\share\classfile\systemDictionary.cpp, line 256]
Event: 21.884 Thread 0x00000246d6c42c90 Exception <a 'java/lang/ClassNotFoundException'{0x000000008602ca28}: build_bl3g9exjgdsbhhj21j7iypz8nCustomizer> (0x000000008602ca28) 
thrown [s\open\src\hotspot\share\classfile\systemDictionary.cpp, line 256]
Event: 24.075 Thread 0x00000246d6c42c90 Implicit null exception at 0x00000246a7a9660c to 0x00000246a7a9673e
Event: 24.557 Thread 0x00000246d6c42c90 Exception <a 'sun/nio/fs/WindowsException'{0x00000000895e6d00}> (0x00000000895e6d00) 
thrown [s\open\src\hotspot\share\prims\jni.cpp, line 516]
Event: 25.824 Thread 0x00000246d6c42c90 Implicit null exception at 0x00000246a7adcc48 to 0x00000246a7adcd34
Event: 26.502 Thread 0x00000246d6c42c90 Exception <a 'java/lang/ClassNotFoundException'{0x00000000871c64f8}: com/android/build/gradle/internal/dsl/BaseAppModuleExtension_DecoratedBeanInfo> (0x00000000871c64f8) 
thrown [s\open\src\hotspot\share\classfile\systemDictionary.cpp, line 256]
Event: 26.502 Thread 0x00000246d6c42c90 Exception <a 'java/lang/ClassNotFoundException'{0x00000000871d2798}: com/android/build/gradle/internal/dsl/BaseAppModuleExtensionBeanInfo> (0x00000000871d2798) 
thrown [s\open\src\hotspot\share\classfile\systemDictionary.cpp, line 256]
Event: 26.503 Thread 0x00000246d6c42c90 Exception <a 'java/lang/ClassNotFoundException'{0x00000000871de430}: com/android/build/gradle/AppExtensionBeanInfo> (0x00000000871de430) 
thrown [s\open\src\hotspot\share\classfile\systemDictionary.cpp, line 256]
Event: 26.503 Thread 0x00000246d6c42c90 Exception <a 'java/lang/ClassNotFoundException'{0x00000000871ea250}: com/android/build/gradle/AbstractAppExtensionBeanInfo> (0x00000000871ea250) 
thrown [s\open\src\hotspot\share\classfile\systemDictionary.cpp, line 256]
Event: 26.503 Thread 0x00000246d6c42c90 Exception <a 'java/lang/ClassNotFoundException'{0x00000000871f6018}: com/android/build/gradle/TestedExtensionBeanInfo> (0x00000000871f6018) 
thrown [s\open\src\hotspot\share\classfile\systemDictionary.cpp, line 256]
Event: 26.504 Thread 0x00000246d6c42c90 Exception <a 'java/lang/ClassNotFoundException'{0x0000000087002180}: com/android/build/gradle/BaseExtensionBeanInfo> (0x0000000087002180) 
thrown [s\open\src\hotspot\share\classfile\systemDictionary.cpp, line 256]
Event: 26.504 Thread 0x00000246d6c42c90 Exception <a 'java/lang/ClassNotFoundException'{0x000000008700df10}: com/android/build/gradle/BaseExtensionCustomizer> (0x000000008700df10) 
thrown [s\open\src\hotspot\share\classfile\systemDictionary.cpp, line 256]
Event: 26.509 Thread 0x00000246d6c42c90 Exception <a 'java/lang/ClassNotFoundException'{0x0000000087071bc0}: com/android/build/gradle/TestedExtensionCustomizer> (0x0000000087071bc0) 
thrown [s\open\src\hotspot\share\classfile\systemDictionary.cpp, line 256]
Event: 26.514 Thread 0x00000246d6c42c90 Exception <a 'java/lang/ClassNotFoundException'{0x0000000087097a80}: com/android/build/gradle/AbstractAppExtensionCustomizer> (0x0000000087097a80) 
thrown [s\open\src\hotspot\share\classfile\systemDictionary.cpp, line 256]
Event: 26.516 Thread 0x00000246d6c42c90 Exception <a 'java/lang/ClassNotFoundException'{0x00000000870b9938}: com/android/build/gradle/AppExtensionCustomizer> (0x00000000870b9938) 
thrown [s\open\src\hotspot\share\classfile\systemDictionary.cpp, line 256]
Event: 26.519 Thread 0x00000246d6c42c90 Exception <a 'java/lang/ClassNotFoundException'{0x00000000870da458}: com/android/build/gradle/internal/dsl/BaseAppModuleExtensionCustomizer> (0x00000000870da458) 
thrown [s\open\src\hotspot\share\classfile\systemDictionary.cpp, line 256]
Event: 26.535 Thread 0x00000246d6c42c90 Exception <a 'java/lang/ClassNotFoundException'{0x0000000086fbde80}: com/android/build/gradle/internal/dsl/BaseAppModuleExtension_DecoratedCustomizer> (0x0000000086fbde80) 
thrown [s\open\src\hotspot\share\classfile\systemDictionary.cpp, line 256]

VM Operations (20 events):
Event: 24.091 Executing VM operation: HandshakeAllThreads done
Event: 24.311 Executing VM operation: G1TryInitiateConcMark
Event: 24.314 Executing VM operation: G1TryInitiateConcMark done
Event: 24.380 Executing VM operation: HandshakeAllThreads
Event: 24.397 Executing VM operation: HandshakeAllThreads done
Event: 24.429 Executing VM operation: HandshakeAllThreads
Event: 24.443 Executing VM operation: HandshakeAllThreads done
Event: 24.475 Executing VM operation: G1Concurrent
Event: 24.480 Executing VM operation: G1Concurrent done
Event: 24.558 Executing VM operation: G1Concurrent
Event: 24.559 Executing VM operation: G1Concurrent done
Event: 25.005 Executing VM operation: HandshakeAllThreads
Event: 25.005 Executing VM operation: HandshakeAllThreads done
Event: 25.139 Executing VM operation: G1CollectForAllocation
Event: 25.147 Executing VM operation: G1CollectForAllocation done
Event: 25.207 Executing VM operation: G1CollectForAllocation
Event: 25.215 Executing VM operation: G1CollectForAllocation done
Event: 26.231 Executing VM operation: Cleanup
Event: 26.252 Executing VM operation: Cleanup done
Event: 26.576 Executing VM operation: G1CollectForAllocation

Events (20 events):
Event: 25.607 loading class javax/xml/stream/XMLStreamException
Event: 25.690 loading class javax/xml/stream/XMLStreamException done
Event: 25.757 Thread 0x00000246da6f6aa0 Thread exited: 0x00000246da6f6aa0
Event: 25.771 loading class sun/reflect/annotation/AnnotationInvocationHandler$1
Event: 25.771 loading class sun/reflect/annotation/AnnotationInvocationHandler$1 done
Event: 25.911 loading class java/util/concurrent/atomic/AtomicIntegerArray
Event: 25.916 loading class java/util/concurrent/atomic/AtomicIntegerArray done
Event: 25.919 loading class java/util/Currency
Event: 25.920 loading class java/util/Currency done
Event: 25.923 loading class java/util/concurrent/atomic/AtomicLongArray
Event: 25.923 loading class java/util/concurrent/atomic/AtomicLongArray done
Event: 25.960 loading class sun/reflect/generics/repository/FieldRepository
Event: 25.963 loading class sun/reflect/generics/repository/FieldRepository done
Event: 25.972 loading class jdk/internal/vm/annotation/ForceInline
Event: 25.974 loading class jdk/internal/vm/annotation/ForceInline done
Event: 26.007 Thread 0x00000246d7ee2060 Thread added: 0x00000246d7ee2060
Event: 26.203 loading class java/util/regex/Pattern$Caret
Event: 26.203 loading class java/util/regex/Pattern$Caret done
Event: 26.414 loading class java/util/regex/Pattern$Pos
Event: 26.414 loading class java/util/regex/Pattern$Pos done


Dynamic libraries:
0x00007ff7d8fc0000 - 0x00007ff7d8fd0000 	C:\Program Files\Java\jdk-17\bin\java.exe
0x00007ff8cdfd0000 - 0x00007ff8ce1e7000 	C:\WINDOWS\SYSTEM32\ntdll.dll
0x00007ff8cd250000 - 0x00007ff8cd314000 	C:\WINDOWS\System32\KERNEL32.DLL
0x00007ff8cb350000 - 0x00007ff8cb6f6000 	C:\WINDOWS\System32\KERNELBASE.dll
0x00007ff8cb7a0000 - 0x00007ff8cb8b1000 	C:\WINDOWS\System32\ucrtbase.dll
0x00007ff8c6080000 - 0x00007ff8c6099000 	C:\Program Files\Java\jdk-17\bin\jli.dll
0x00007ff8cd6c0000 - 0x00007ff8cd770000 	C:\WINDOWS\System32\ADVAPI32.dll
0x00007ff8cd320000 - 0x00007ff8cd3c7000 	C:\WINDOWS\System32\msvcrt.dll
0x00007ff8cd1a0000 - 0x00007ff8cd246000 	C:\WINDOWS\System32\sechost.dll
0x00007ff8cc850000 - 0x00007ff8cc967000 	C:\WINDOWS\System32\RPCRT4.dll
0x00007ff8ccd70000 - 0x00007ff8ccf1d000 	C:\WINDOWS\System32\USER32.dll
0x00007ff8cbaa0000 - 0x00007ff8cbac6000 	C:\WINDOWS\System32\win32u.dll
0x00007ff8cd430000 - 0x00007ff8cd459000 	C:\WINDOWS\System32\GDI32.dll
0x00007ff8cbb90000 - 0x00007ff8cbca8000 	C:\WINDOWS\System32\gdi32full.dll
0x00007ff8cb700000 - 0x00007ff8cb79a000 	C:\WINDOWS\System32\msvcp_win.dll
0x00007ff8c60a0000 - 0x00007ff8c60bb000 	C:\Program Files\Java\jdk-17\bin\VCRUNTIME140.dll
0x00007ff8adb40000 - 0x00007ff8addd3000 	C:\WINDOWS\WinSxS\amd64_microsoft.windows.common-controls_6595b64144ccf1df_6.0.22621.2361_none_2712ced57382f843\COMCTL32.dll
0x00007ff8bd2a0000 - 0x00007ff8bd2aa000 	C:\WINDOWS\SYSTEM32\VERSION.dll
0x00007ff8cc970000 - 0x00007ff8cc9a1000 	C:\WINDOWS\System32\IMM32.DLL
0x00007ff8c6180000 - 0x00007ff8c618c000 	C:\Program Files\Java\jdk-17\bin\vcruntime140_1.dll
0x00007ff886f20000 - 0x00007ff886fae000 	C:\Program Files\Java\jdk-17\bin\msvcp140.dll
0x00007ff872b30000 - 0x00007ff87370e000 	C:\Program Files\Java\jdk-17\bin\server\jvm.dll
0x00007ff8cd460000 - 0x00007ff8cd468000 	C:\WINDOWS\System32\PSAPI.DLL
0x00007ff8c6070000 - 0x00007ff8c6079000 	C:\WINDOWS\SYSTEM32\WSOCK32.dll
0x00007ff8cd470000 - 0x00007ff8cd4e1000 	C:\WINDOWS\System32\WS2_32.dll
0x00007ff8be5e0000 - 0x00007ff8be614000 	C:\WINDOWS\SYSTEM32\WINMM.dll
0x00007ff8ca480000 - 0x00007ff8ca498000 	C:\WINDOWS\SYSTEM32\kernel.appcore.dll
0x00007ff8c6060000 - 0x00007ff8c606a000 	C:\Program Files\Java\jdk-17\bin\jimage.dll
0x00007ff8c8c90000 - 0x00007ff8c8ebe000 	C:\WINDOWS\SYSTEM32\DBGHELP.DLL
0x00007ff8cc9e0000 - 0x00007ff8ccd6a000 	C:\WINDOWS\System32\combase.dll
0x00007ff8cd5e0000 - 0x00007ff8cd6b7000 	C:\WINDOWS\System32\OLEAUT32.dll
0x00007ff8a5350000 - 0x00007ff8a5382000 	C:\WINDOWS\SYSTEM32\dbgcore.DLL
0x00007ff8cbcb0000 - 0x00007ff8cbd2a000 	C:\WINDOWS\System32\bcryptPrimitives.dll
0x00007ff8c6030000 - 0x00007ff8c6055000 	C:\Program Files\Java\jdk-17\bin\java.dll
0x00007ff879020000 - 0x00007ff8790f7000 	C:\Program Files\Java\jdk-17\bin\jsvml.dll
0x00007ff8cbd30000 - 0x00007ff8cc588000 	C:\WINDOWS\System32\SHELL32.dll
0x00007ff8c9260000 - 0x00007ff8c9b52000 	C:\WINDOWS\SYSTEM32\windows.storage.dll
0x00007ff8c9120000 - 0x00007ff8c925e000 	C:\WINDOWS\SYSTEM32\wintypes.dll
0x00007ff8cd7c0000 - 0x00007ff8cd8b3000 	C:\WINDOWS\System32\SHCORE.dll
0x00007ff8cc640000 - 0x00007ff8cc69e000 	C:\WINDOWS\System32\shlwapi.dll
0x00007ff8cb280000 - 0x00007ff8cb2a6000 	C:\WINDOWS\SYSTEM32\profapi.dll
0x00007ff895440000 - 0x00007ff895459000 	C:\Program Files\Java\jdk-17\bin\net.dll
0x00007ff8c0920000 - 0x00007ff8c0a57000 	C:\WINDOWS\SYSTEM32\WINHTTP.dll
0x00007ff8ca900000 - 0x00007ff8ca969000 	C:\WINDOWS\system32\mswsock.dll
0x00007ff895260000 - 0x00007ff895276000 	C:\Program Files\Java\jdk-17\bin\nio.dll
0x00007ff88b550000 - 0x00007ff88b568000 	C:\Program Files\Java\jdk-17\bin\zip.dll
0x00007ff8953a0000 - 0x00007ff8953b0000 	C:\Program Files\Java\jdk-17\bin\verify.dll
0x00007ff88b520000 - 0x00007ff88b547000 	C:\Users\ronak\.gradle\native\68d5fa5c4cc2d200863cafc0d521ce42e7d3e7ee720ec0a83991735586a16f82\windows-amd64\native-platform.dll
0x00007ff8737f0000 - 0x00007ff873934000 	C:\Users\ronak\.gradle\native\e376f236ea51e6404a007f0833ffe2c6e607c4080706a723a18a27aeea778392\windows-amd64\native-platform-file-events.dll
0x00007ff88b8d0000 - 0x00007ff88b8da000 	C:\Program Files\Java\jdk-17\bin\management.dll
0x00007ff88b730000 - 0x00007ff88b73b000 	C:\Program Files\Java\jdk-17\bin\management_ext.dll
0x00007ff8cab50000 - 0x00007ff8cab6b000 	C:\WINDOWS\SYSTEM32\CRYPTSP.dll
0x00007ff8ca3e0000 - 0x00007ff8ca415000 	C:\WINDOWS\system32\rsaenh.dll
0x00007ff8ca9f0000 - 0x00007ff8caa1c000 	C:\WINDOWS\SYSTEM32\USERENV.dll
0x00007ff8cad10000 - 0x00007ff8cad38000 	C:\WINDOWS\SYSTEM32\bcrypt.dll
0x00007ff8cab70000 - 0x00007ff8cab7c000 	C:\WINDOWS\SYSTEM32\CRYPTBASE.dll
0x00007ff8c9e10000 - 0x00007ff8c9e3d000 	C:\WINDOWS\SYSTEM32\IPHLPAPI.DLL
0x00007ff8cc9b0000 - 0x00007ff8cc9b9000 	C:\WINDOWS\System32\NSI.dll
0x00007ff8b8e80000 - 0x00007ff8b8e99000 	C:\WINDOWS\SYSTEM32\dhcpcsvc6.DLL
0x00007ff8b8e10000 - 0x00007ff8b8e2f000 	C:\WINDOWS\SYSTEM32\dhcpcsvc.DLL
0x00007ff8c9e40000 - 0x00007ff8c9f39000 	C:\WINDOWS\SYSTEM32\DNSAPI.dll
0x00007ff88b720000 - 0x00007ff88b72e000 	C:\Program Files\Java\jdk-17\bin\sunmscapi.dll
0x00007ff8cb930000 - 0x00007ff8cba96000 	C:\WINDOWS\System32\CRYPT32.dll
0x00007ff8cace0000 - 0x00007ff8cad0d000 	C:\WINDOWS\SYSTEM32\ncrypt.dll
0x00007ff8caca0000 - 0x00007ff8cacd7000 	C:\WINDOWS\SYSTEM32\NTASN1.dll
0x00007ff88b710000 - 0x00007ff88b718000 	C:\WINDOWS\system32\wshunix.dll

dbghelp: loaded successfully - version: 4.0.5 - missing functions: none
symbol engine: initialized successfully - sym options: 0x614 - pdb path: .;C:\Program Files\Java\jdk-17\bin;C:\WINDOWS\SYSTEM32;C:\WINDOWS\WinSxS\amd64_microsoft.windows.common-controls_6595b64144ccf1df_6.0.22621.2361_none_2712ced57382f843;C:\Program Files\Java\jdk-17\bin\server;C:\Users\ronak\.gradle\native\68d5fa5c4cc2d200863cafc0d521ce42e7d3e7ee720ec0a83991735586a16f82\windows-amd64;C:\Users\ronak\.gradle\native\e376f236ea51e6404a007f0833ffe2c6e607c4080706a723a18a27aeea778392\windows-amd64

VM Arguments:
jvm_args: -XX:MaxMetaspaceSize=512m --add-opens=java.base/java.util=ALL-UNNAMED --add-opens=java.base/java.lang=ALL-UNNAMED --add-opens=java.base/java.lang.invoke=ALL-UNNAMED --add-opens=java.prefs/java.util.prefs=ALL-UNNAMED --add-opens=java.base/java.nio.charset=ALL-UNNAMED --add-opens=java.base/java.net=ALL-UNNAMED --add-opens=java.base/java.util.concurrent.atomic=ALL-UNNAMED -Xmx2048m -Dfile.encoding=windows-1252 -Duser.country=IN -Duser.language=en -Duser.variant 
java_command: org.gradle.launcher.daemon.bootstrap.GradleDaemon 8.0.1
java_class_path (initial): C:\Users\ronak\.gradle\wrapper\dists\gradle-8.0.1-all\aro4hu1c3oeioove7l0i4i14o\gradle-8.0.1\lib\gradle-launcher-8.0.1.jar
Launcher Type: SUN_STANDARD

[Global flags]
     intx CICompilerCount                          = 3                                         {product} {ergonomic}
   size_t CompressedClassSpaceSize                 = 436207616                                 {product} {ergonomic}
     uint ConcGCThreads                            = 1                                         {product} {ergonomic}
     uint G1ConcRefinementThreads                  = 4                                         {product} {ergonomic}
   size_t G1HeapRegionSize                         = 1048576                                   {product} {ergonomic}
    uintx GCDrainStackTargetSize                   = 64                                        {product} {ergonomic}
   size_t InitialHeapSize                          = 130023424                                 {product} {ergonomic}
   size_t MarkStackSize                            = 4194304                                   {product} {ergonomic}
   size_t MaxHeapSize                              = 2147483648                                {product} {command line}
   size_t MaxMetaspaceSize                         = 536870912                                 {product} {command line}
   size_t MaxNewSize                               = 1287651328                                {product} {ergonomic}
   size_t MinHeapDeltaBytes                        = 1048576                                   {product} {ergonomic}
   size_t MinHeapSize                              = 8388608                                   {product} {ergonomic}
    uintx NonNMethodCodeHeapSize                   = 5832780                                {pd product} {ergonomic}
    uintx NonProfiledCodeHeapSize                  = 122912730                              {pd product} {ergonomic}
    uintx ProfiledCodeHeapSize                     = 122912730                              {pd product} {ergonomic}
    uintx ReservedCodeCacheSize                    = 251658240                              {pd product} {ergonomic}
     bool SegmentedCodeCache                       = true                                      {product} {ergonomic}
   size_t SoftMaxHeapSize                          = 2147483648                             {manageable} {ergonomic}
     bool UseCompressedClassPointers               = true                           {product lp64_product} {ergonomic}
     bool UseCompressedOops                        = true                           {product lp64_product} {ergonomic}
     bool UseG1GC                                  = true                                      {product} {ergonomic}
     bool UseLargePagesIndividualAllocation        = false                                  {pd product} {ergonomic}

Logging:
Log output configuration:
 #0: stdout all=warning uptime,level,tags
 #1: stderr all=off uptime,level,tags

Environment Variables:
JAVA_HOME=C:\Program Files\Java\jdk-17
CLASSPATH=D:\hacks\super-nfc\thirdweb\super-nfc\android\\gradle\wrapper\gradle-wrapper.jar
PATH=D:\hacks\super-nfc\thirdweb\super-nfc\node_modules\.bin;D:\hacks\super-nfc\thirdweb\super-nfc\node_modules\.bin;D:\hacks\super-nfc\thirdweb\node_modules\.bin;D:\hacks\super-nfc\node_modules\.bin;D:\hacks\node_modules\.bin;D:\node_modules\.bin;C:\Users\ronak\AppData\Roaming\nvm\v18.16.0\node_modules\npm\node_modules\@npmcli\run-script\lib\node-gyp-bin;C:\Users\ronak\AppData\Local\Temp\yarn--1697883546045-0.9538650034809477;D:\hacks\super-nfc\thirdweb\super-nfc\node_modules\.bin;C:\Users\ronak\AppData\Local\Yarn\Data\link\node_modules\.bin;C:\Users\ronak\AppData\Local\Yarn\bin;C:\Program Files\libexec\lib\node_modules\npm\bin\node-gyp-bin;C:\Program Files\lib\node_modules\npm\bin\node-gyp-bin;C:\Program Files\nodejs\node_modules\npm\bin\node-gyp-bin;C:\Program Files\Common Files\Oracle\Java\javapath;C:\WINDOWS\system32;C:\WINDOWS;C:\WINDOWS\System32\Wbem;C:\WINDOWS\System32\WindowsPowerShell\v1.0\;C:\WINDOWS\System32\OpenSSH\;C:\MinGW\bin;C:\Program Files\dotnet\;C:\Program Files\Git\cmd;C:\Users\ronak\AppData\Roaming\npm;C:\Program Files\MongoDB\Server\6.0\bin;C:\Users\ronak\Downloads\mongosh-1.8.0-win32-x64\mongosh-1.8.0-win32-x64\bin;%NVM_HOME%;%NVM_SYMLINK%;C:\Users\ronak\AppData\Local\Programs\Python\Python311\Scripts\;C:\Users\ronak\AppData\Local\Programs\Python\Python311\;C:\Users\ronak\.local\share\solana\install\active_release\bin;C:\Program Files\Common Files\Oracle\Java\javapath;C:\WINDOWS\system32;C:\WINDOWS;C:\WINDOWS\System32\Wbem;C:\WINDOWS\System32\WindowsPowerShell\v1.0\;C:\WINDOWS\System32\OpenSSH\;C:\MinGW\bin;C:\Program Files\dotnet\;C:\Program Files\Git\cmd;C:\Users\ronak\AppData\Roaming\npm;C:\Program Files\MongoDB\Server\6.0\bin;C:\Users\ronak\Downloads\mongosh-1.8.0-win32-x64\mongosh-1.8.0-win32-x64\bin;%NVM_HOME%;%NVM_SYMLINK%;C:\Users\ronak\.aptoscli\bin;C:\Users\ronak\AppData\Local\SugarCLI;C:\Users\ronak\AppData\Local\Programs\Microsoft VS Code\bin;C:\Users\ronak\AppData\Local\GitHubDesktop\bin;C:\Users\ronak\AppData\Local\Programs\Hyper\
USERNAME=ronak
OS=Windows_NT
PROCESSOR_IDENTIFIER=Intel64 Family 6 Model 140 Stepping 1, GenuineIntel



---------------  S Y S T E M  ---------------

OS:
 Windows 11 , 64 bit Build 22621 (10.0.22621.2428)
OS uptime: 0 days 1:15 hours
Hyper-V role detected

CPU: total 4 (initial active 4) (2 cores per cpu, 2 threads per core) family 6 model 140 stepping 1 microcode 0xaa, cx8, cmov, fxsr, ht, mmx, 3dnowpref, sse, sse2, sse3, ssse3, sse4.1, sse4.2, popcnt, lzcnt, tsc, tscinvbit, avx, avx2, aes, erms, clmul, bmi1, bmi2, adx, avx512f, avx512dq, avx512cd, avx512bw, avx512vl, sha, fma, vzeroupper, avx512_vpopcntdq, avx512_vpclmulqdq, avx512_vaes, avx512_vnni, clflush, clflushopt, clwb, avx512_vbmi2, avx512_vbmi, hv

Memory: 4k page, system-wide physical 7834M (455M free)
TotalPageFile size 15446M (AvailPageFile size 68M)
current process WorkingSet (physical memory assigned to process): 365M, peak: 365M
current process commit charge ("private bytes"): 400M, peak: 549M

vm_info: Java HotSpot(TM) 64-Bit Server VM (17.0.8+9-LTS-211) for windows-amd64 JRE (17.0.8+9-LTS-211), built on Jun 14 2023 10:34:31 by "mach5one" with MS VC++ 17.1 (VS2022)

END.
