#
# There is insufficient memory for the Java Runtime Environment to continue.
# Native memory allocation (mmap) failed to map 67108864 bytes for G1 virtual space
# Possible reasons:
#   The system is out of physical RAM or swap space
#   The process is running with CompressedOops enabled, and the Java Heap may be blocking the growth of the native heap
# Possible solutions:
#   Reduce memory load on the system
#   Increase physical memory or swap space
#   Check if swap backing store is full
#   Decrease Java heap size (-Xmx/-Xms)
#   Decrease number of Java threads
#   Decrease Java thread stack sizes (-Xss)
#   Set larger code cache with -XX:ReservedCodeCacheSize=
#   JVM is running with Unscaled Compressed Oops mode in which the Java heap is
#     placed in the first 4GB address space. The Java Heap base address is the
#     maximum limit for the native heap growth. Please use -XX:HeapBaseMinAddress
#     to set the Java Heap base and to place the Java Heap above 4GB virtual address.
# This output file may be truncated or incomplete.
#
#  Out of Memory Error (os_windows.cpp:3550), pid=15680, tid=9724
#
# JRE version:  (17.0.8+9) (build )
# Java VM: Java HotSpot(TM) 64-Bit Server VM (17.0.8+9-LTS-211, mixed mode, sharing, tiered, compressed oops, compressed class ptrs, g1 gc, windows-amd64)
# No core dump will be written. Minidumps are not enabled by default on client versions of Windows
#

---------------  S U M M A R Y ------------

Command Line: -Xmx64m -Xms64m -Dorg.gradle.appname=gradlew org.gradle.wrapper.GradleWrapperMain tasks

Host: 11th Gen Intel(R) Core(TM) i3-1115G4 @ 3.00GHz, 4 cores, 7G,  Windows 11 , 64 bit Build 22621 (10.0.22621.2428)
Time: Sat Oct 21 16:01:28 2023 India Standard Time elapsed time: 0.071160 seconds (0d 0h 0m 0s)

---------------  T H R E A D  ---------------

Current thread (0x000002cd2b86b560):  JavaThread "Unknown thread" [_thread_in_vm, id=9724, stack(0x000000e7d7b00000,0x000000e7d7c00000)]

Stack: [0x000000e7d7b00000,0x000000e7d7c00000]
Native frames: (J=compiled Java code, j=interpreted, Vv=VM code, C=native code)
V  [jvm.dll+0x677d0a]
V  [jvm.dll+0x7d8c54]
V  [jvm.dll+0x7da3fe]
V  [jvm.dll+0x7daa63]
V  [jvm.dll+0x245c5f]
V  [jvm.dll+0x674bb9]
V  [jvm.dll+0x6694f2]
V  [jvm.dll+0x3031d6]
V  [jvm.dll+0x30a756]
V  [jvm.dll+0x359f9e]
V  [jvm.dll+0x35a1cf]
V  [jvm.dll+0x2da3e8]
V  [jvm.dll+0x2db354]
V  [jvm.dll+0x7aa711]
V  [jvm.dll+0x367b51]
V  [jvm.dll+0x789979]
V  [jvm.dll+0x3eb05f]
V  [jvm.dll+0x3ecae1]
C  [jli.dll+0x5297]
C  [ucrtbase.dll+0x29363]
C  [KERNEL32.DLL+0x1257d]
C  [ntdll.dll+0x5aa78]


---------------  P R O C E S S  ---------------

Threads class SMR info:
_java_thread_list=0x00007ff8735e59d8, length=0, elements={
}

Java Threads: ( => current thread )

Other Threads:
  0x000002cd2b885ff0 GCTaskThread "GC Thread#0" [stack: 0x000000e7d7c00000,0x000000e7d7d00000] [id=4744]
  0x000002cd2b887730 ConcurrentGCThread "G1 Main Marker" [stack: 0x000000e7d7d00000,0x000000e7d7e00000] [id=2516]
  0x000002cd2b888140 ConcurrentGCThread "G1 Conc#0" [stack: 0x000000e7d7e00000,0x000000e7d7f00000] [id=15908]

[error occurred during error reporting (printing all threads), id 0xc0000005, EXCEPTION_ACCESS_VIOLATION (0xc0000005) at pc=0x00007ff872e1b047]

VM state: not at safepoint (not fully initialized)

VM Mutex/Monitor currently owned by a thread:  ([mutex/lock_event])
[0x000002cd2b867c50] Heap_lock - owner thread: 0x000002cd2b86b560

Heap address: 0x00000000fc000000, size: 64 MB, Compressed Oops mode: 32-bit

CDS archive(s) mapped at: [0x0000000000000000-0x0000000000000000-0x0000000000000000), size 0, SharedBaseAddress: 0x0000000800000000, ArchiveRelocationMode: 1.
Narrow klass base: 0x0000000000000000, Narrow klass shift: 0, Narrow klass range: 0x0

GC Precious Log:
<Empty>

Heap:
 garbage-first heap   total 0K, used 0K [0x00000000fc000000, 0x0000000100000000)
  region size 1024K, 0 young (0K), 0 survivors (0K)

[error occurred during error reporting (printing heap information), id 0xc0000005, EXCEPTION_ACCESS_VIOLATION (0xc0000005) at pc=0x00007ff873201499]

GC Heap History (0 events):
No events

Deoptimization events (0 events):
No events

Classes unloaded (0 events):
No events

Classes redefined (0 events):
No events

Internal exceptions (0 events):
No events

VM Operations (0 events):
No events

Events (1 events):
Event: 0.030 Loaded shared library C:\Program Files\Java\jdk-17\bin\java.dll


Dynamic libraries:
0x00007ff7d8fc0000 - 0x00007ff7d8fd0000 	C:\Program Files\Java\jdk-17\bin\java.exe
0x00007ff8cdfd0000 - 0x00007ff8ce1e7000 	C:\WINDOWS\SYSTEM32\ntdll.dll
0x00007ff8cd250000 - 0x00007ff8cd314000 	C:\WINDOWS\System32\KERNEL32.DLL
0x00007ff8cb350000 - 0x00007ff8cb6f6000 	C:\WINDOWS\System32\KERNELBASE.dll
0x00007ff8cb7a0000 - 0x00007ff8cb8b1000 	C:\WINDOWS\System32\ucrtbase.dll
0x00007ff8c6080000 - 0x00007ff8c6099000 	C:\Program Files\Java\jdk-17\bin\jli.dll
0x00007ff8cd6c0000 - 0x00007ff8cd770000 	C:\WINDOWS\System32\ADVAPI32.dll
0x00007ff8cd320000 - 0x00007ff8cd3c7000 	C:\WINDOWS\System32\msvcrt.dll
0x00007ff8cd1a0000 - 0x00007ff8cd246000 	C:\WINDOWS\System32\sechost.dll
0x00007ff8cc850000 - 0x00007ff8cc967000 	C:\WINDOWS\System32\RPCRT4.dll
0x00007ff8ccd70000 - 0x00007ff8ccf1d000 	C:\WINDOWS\System32\USER32.dll
0x00007ff8cbaa0000 - 0x00007ff8cbac6000 	C:\WINDOWS\System32\win32u.dll
0x00007ff8cd430000 - 0x00007ff8cd459000 	C:\WINDOWS\System32\GDI32.dll
0x00007ff8cbb90000 - 0x00007ff8cbca8000 	C:\WINDOWS\System32\gdi32full.dll
0x00007ff8cb700000 - 0x00007ff8cb79a000 	C:\WINDOWS\System32\msvcp_win.dll
0x00007ff8c60a0000 - 0x00007ff8c60bb000 	C:\Program Files\Java\jdk-17\bin\VCRUNTIME140.dll
0x00007ff8adb40000 - 0x00007ff8addd3000 	C:\WINDOWS\WinSxS\amd64_microsoft.windows.common-controls_6595b64144ccf1df_6.0.22621.2361_none_2712ced57382f843\COMCTL32.dll
0x00007ff8bd2a0000 - 0x00007ff8bd2aa000 	C:\WINDOWS\SYSTEM32\VERSION.dll
0x00007ff8cc970000 - 0x00007ff8cc9a1000 	C:\WINDOWS\System32\IMM32.DLL
0x00007ff8c6180000 - 0x00007ff8c618c000 	C:\Program Files\Java\jdk-17\bin\vcruntime140_1.dll
0x00007ff886f20000 - 0x00007ff886fae000 	C:\Program Files\Java\jdk-17\bin\msvcp140.dll
0x00007ff872b30000 - 0x00007ff87370e000 	C:\Program Files\Java\jdk-17\bin\server\jvm.dll
0x00007ff8cd460000 - 0x00007ff8cd468000 	C:\WINDOWS\System32\PSAPI.DLL
0x00007ff8c6070000 - 0x00007ff8c6079000 	C:\WINDOWS\SYSTEM32\WSOCK32.dll
0x00007ff8cd470000 - 0x00007ff8cd4e1000 	C:\WINDOWS\System32\WS2_32.dll
0x00007ff8be5e0000 - 0x00007ff8be614000 	C:\WINDOWS\SYSTEM32\WINMM.dll
0x00007ff8ca480000 - 0x00007ff8ca498000 	C:\WINDOWS\SYSTEM32\kernel.appcore.dll
0x00007ff8c6060000 - 0x00007ff8c606a000 	C:\Program Files\Java\jdk-17\bin\jimage.dll
0x00007ff8c8c90000 - 0x00007ff8c8ebe000 	C:\WINDOWS\SYSTEM32\DBGHELP.DLL
0x00007ff8cc9e0000 - 0x00007ff8ccd6a000 	C:\WINDOWS\System32\combase.dll
0x00007ff8cd5e0000 - 0x00007ff8cd6b7000 	C:\WINDOWS\System32\OLEAUT32.dll
0x00007ff8a5350000 - 0x00007ff8a5382000 	C:\WINDOWS\SYSTEM32\dbgcore.DLL
0x00007ff8cbcb0000 - 0x00007ff8cbd2a000 	C:\WINDOWS\System32\bcryptPrimitives.dll
0x00007ff8c6030000 - 0x00007ff8c6055000 	C:\Program Files\Java\jdk-17\bin\java.dll

dbghelp: loaded successfully - version: 4.0.5 - missing functions: none
symbol engine: initialized successfully - sym options: 0x614 - pdb path: .;C:\Program Files\Java\jdk-17\bin;C:\WINDOWS\SYSTEM32;C:\WINDOWS\WinSxS\amd64_microsoft.windows.common-controls_6595b64144ccf1df_6.0.22621.2361_none_2712ced57382f843;C:\Program Files\Java\jdk-17\bin\server

VM Arguments:
jvm_args: -Xmx64m -Xms64m -Dorg.gradle.appname=gradlew 
java_command: org.gradle.wrapper.GradleWrapperMain tasks
java_class_path (initial): D:\hacks\super-nfc\thirdweb\super-nfc\android\\gradle\wrapper\gradle-wrapper.jar
Launcher Type: SUN_STANDARD

[Global flags]
     intx CICompilerCount                          = 3                                         {product} {ergonomic}
     uint ConcGCThreads                            = 1                                         {product} {ergonomic}
     uint G1ConcRefinementThreads                  = 4                                         {product} {ergonomic}
   size_t G1HeapRegionSize                         = 1048576                                   {product} {ergonomic}
    uintx GCDrainStackTargetSize                   = 64                                        {product} {ergonomic}
   size_t InitialHeapSize                          = 67108864                                  {product} {command line}
   size_t MarkStackSize                            = 4194304                                   {product} {ergonomic}
   size_t MaxHeapSize                              = 67108864                                  {product} {command line}
   size_t MinHeapDeltaBytes                        = 1048576                                   {product} {ergonomic}
   size_t MinHeapSize                              = 67108864                                  {product} {command line}
    uintx NonNMethodCodeHeapSize                   = 5832780                                {pd product} {ergonomic}
    uintx NonProfiledCodeHeapSize                  = 122912730                              {pd product} {ergonomic}
    uintx ProfiledCodeHeapSize                     = 122912730                              {pd product} {ergonomic}
    uintx ReservedCodeCacheSize                    = 251658240                              {pd product} {ergonomic}
     bool SegmentedCodeCache                       = true                                      {product} {ergonomic}
   size_t SoftMaxHeapSize                          = 67108864                               {manageable} {ergonomic}
     bool UseCompressedClassPointers               = true                           {product lp64_product} {ergonomic}
     bool UseCompressedOops                        = true                           {product lp64_product} {ergonomic}
     bool UseG1GC                                  = true                                      {product} {ergonomic}
     bool UseLargePagesIndividualAllocation        = false                                  {pd product} {ergonomic}

Logging:
Log output configuration:
 #0: stdout all=warning uptime,level,tags
 #1: stderr all=off uptime,level,tags

Environment Variables:
JAVA_HOME=C:\Program Files\Java\jdk-17
CLASSPATH=D:\hacks\super-nfc\thirdweb\super-nfc\android\\gradle\wrapper\gradle-wrapper.jar
PATH=D:\hacks\super-nfc\thirdweb\super-nfc\node_modules\.bin;D:\hacks\super-nfc\thirdweb\super-nfc\node_modules\.bin;D:\hacks\super-nfc\thirdweb\node_modules\.bin;D:\hacks\super-nfc\node_modules\.bin;D:\hacks\node_modules\.bin;D:\node_modules\.bin;C:\Users\ronak\AppData\Roaming\nvm\v18.16.0\node_modules\npm\node_modules\@npmcli\run-script\lib\node-gyp-bin;C:\Users\ronak\AppData\Local\Temp\yarn--1697883546045-0.9538650034809477;D:\hacks\super-nfc\thirdweb\super-nfc\node_modules\.bin;C:\Users\ronak\AppData\Local\Yarn\Data\link\node_modules\.bin;C:\Users\ronak\AppData\Local\Yarn\bin;C:\Program Files\libexec\lib\node_modules\npm\bin\node-gyp-bin;C:\Program Files\lib\node_modules\npm\bin\node-gyp-bin;C:\Program Files\nodejs\node_modules\npm\bin\node-gyp-bin;C:\Program Files\Common Files\Oracle\Java\javapath;C:\WINDOWS\system32;C:\WINDOWS;C:\WINDOWS\System32\Wbem;C:\WINDOWS\System32\WindowsPowerShell\v1.0\;C:\WINDOWS\System32\OpenSSH\;C:\MinGW\bin;C:\Program Files\dotnet\;C:\Program Files\Git\cmd;C:\Users\ronak\AppData\Roaming\npm;C:\Program Files\MongoDB\Server\6.0\bin;C:\Users\ronak\Downloads\mongosh-1.8.0-win32-x64\mongosh-1.8.0-win32-x64\bin;%NVM_HOME%;%NVM_SYMLINK%;C:\Users\ronak\AppData\Local\Programs\Python\Python311\Scripts\;C:\Users\ronak\AppData\Local\Programs\Python\Python311\;C:\Users\ronak\.local\share\solana\install\active_release\bin;C:\Program Files\Common Files\Oracle\Java\javapath;C:\WINDOWS\system32;C:\WINDOWS;C:\WINDOWS\System32\Wbem;C:\WINDOWS\System32\WindowsPowerShell\v1.0\;C:\WINDOWS\System32\OpenSSH\;C:\MinGW\bin;C:\Program Files\dotnet\;C:\Program Files\Git\cmd;C:\Users\ronak\AppData\Roaming\npm;C:\Program Files\MongoDB\Server\6.0\bin;C:\Users\ronak\Downloads\mongosh-1.8.0-win32-x64\mongosh-1.8.0-win32-x64\bin;%NVM_HOME%;%NVM_SYMLINK%;C:\Users\ronak\.aptoscli\bin;C:\Users\ronak\AppData\Local\SugarCLI;C:\Users\ronak\AppData\Local\Programs\Microsoft VS Code\bin;C:\Users\ronak\AppData\Local\GitHubDesktop\bin;C:\Users\ronak\AppData\Local\Programs\Hyper\
USERNAME=ronak
OS=Windows_NT
PROCESSOR_IDENTIFIER=Intel64 Family 6 Model 140 Stepping 1, GenuineIntel



---------------  S Y S T E M  ---------------

OS:
 Windows 11 , 64 bit Build 22621 (10.0.22621.2428)
OS uptime: 0 days 1:15 hours
Hyper-V role detected

CPU: total 4 (initial active 4) (2 cores per cpu, 2 threads per core) family 6 model 140 stepping 1 microcode 0xaa, cx8, cmov, fxsr, ht, mmx, 3dnowpref, sse, sse2, sse3, ssse3, sse4.1, sse4.2, popcnt, lzcnt, tsc, tscinvbit, avx, avx2, aes, erms, clmul, bmi1, bmi2, adx, avx512f, avx512dq, avx512cd, avx512bw, avx512vl, sha, fma, vzeroupper, avx512_vpopcntdq, avx512_vpclmulqdq, avx512_vaes, avx512_vnni, clflush, clflushopt, clwb, avx512_vbmi2, avx512_vbmi, hv

Memory: 4k page, system-wide physical 7834M (757M free)
TotalPageFile size 15446M (AvailPageFile size 21M)
current process WorkingSet (physical memory assigned to process): 10M, peak: 10M
current process commit charge ("private bytes"): 51M, peak: 115M

vm_info: Java HotSpot(TM) 64-Bit Server VM (17.0.8+9-LTS-211) for windows-amd64 JRE (17.0.8+9-LTS-211), built on Jun 14 2023 10:34:31 by "mach5one" with MS VC++ 17.1 (VS2022)

END.
